2017-11-10 17:34:17 Error: Fatal Error (4): syntax error, unexpected 'if' (T_IF) in [C:\wamp64\www\eventos\Controller\AppController.php, line 615]
2017-11-10 17:34:17 Error: [FatalErrorException] syntax error, unexpected 'if' (T_IF)
Request URL: /eventos/product/skil-sierra-caladora-550w-cod-4550-1429
Stack Trace:
#0 C:\wamp64\www\eventos\Cake\2.7.7\lib\Cake\Error\ErrorHandler.php(213): ErrorHandler::handleFatalError(4, 'syntax error, u...', 'C:\\wamp64\\www\\e...', 615)
#1 [internal function]: ErrorHandler::handleError(4, 'syntax error, u...', 'C:\\wamp64\\www\\e...', 615, Array)
#2 C:\wamp64\www\eventos\Cake\2.7.7\lib\Cake\Core\App.php(933): call_user_func('ErrorHandler::h...', 4, 'syntax error, u...', 'C:\\wamp64\\www\\e...', 615, Array)
#3 C:\wamp64\www\eventos\Cake\2.7.7\lib\Cake\Core\App.php(906): App::_checkFatalError()
#4 [internal function]: App::shutdown()
#5 {main}
2017-11-10 18:03:44 Error: Fatal Error (4): syntax error, unexpected end of file in [C:\wamp64\www\eventos\Controller\AppController.php, line 608]
2017-11-10 18:03:44 Error: [FatalErrorException] syntax error, unexpected end of file
Request URL: /eventos/product/skil-sierra-caladora-550w-cod-4550-1429
Stack Trace:
#0 C:\wamp64\www\eventos\Cake\2.7.7\lib\Cake\Error\ErrorHandler.php(213): ErrorHandler::handleFatalError(4, 'syntax error, u...', 'C:\\wamp64\\www\\e...', 608)
#1 [internal function]: ErrorHandler::handleError(4, 'syntax error, u...', 'C:\\wamp64\\www\\e...', 608, Array)
#2 C:\wamp64\www\eventos\Cake\2.7.7\lib\Cake\Core\App.php(933): call_user_func('ErrorHandler::h...', 4, 'syntax error, u...', 'C:\\wamp64\\www\\e...', 608, Array)
#3 C:\wamp64\www\eventos\Cake\2.7.7\lib\Cake\Core\App.php(906): App::_checkFatalError()
#4 [internal function]: App::shutdown()
#5 {main}
2017-11-10 18:12:51 Error: Fatal Error (1): Function name must be a string in [C:\wamp64\www\eventos\Controller\AppController.php, line 113]
2017-11-10 18:12:51 Error: [FatalErrorException] Function name must be a string
Request URL: /eventos/product/skil-sierra-caladora-550w-cod-4550-1429
Stack Trace:
#0 C:\wamp64\www\eventos\Cake\2.7.7\lib\Cake\Error\ErrorHandler.php(213): ErrorHandler::handleFatalError(1, 'Function name m...', 'C:\\wamp64\\www\\e...', 113)
#1 [internal function]: ErrorHandler::handleError(1, 'Function name m...', 'C:\\wamp64\\www\\e...', 113, Array)
#2 C:\wamp64\www\eventos\Cake\2.7.7\lib\Cake\Core\App.php(933): call_user_func('ErrorHandler::h...', 1, 'Function name m...', 'C:\\wamp64\\www\\e...', 113, Array)
#3 C:\wamp64\www\eventos\Cake\2.7.7\lib\Cake\Core\App.php(906): App::_checkFatalError()
#4 [internal function]: App::shutdown()
#5 {main}
2017-11-10 18:15:36 Error: Fatal Error (1): Call to undefined method Hash::exctract() in [C:\wamp64\www\eventos\Controller\AppController.php, line 89]
2017-11-10 18:15:36 Error: [FatalErrorException] Call to undefined method Hash::exctract()
Request URL: /eventos/product/skil-sierra-caladora-550w-cod-4550-1429
Stack Trace:
#0 C:\wamp64\www\eventos\Cake\2.7.7\lib\Cake\Error\ErrorHandler.php(213): ErrorHandler::handleFatalError(1, 'Call to undefin...', 'C:\\wamp64\\www\\e...', 89)
#1 [internal function]: ErrorHandler::handleError(1, 'Call to undefin...', 'C:\\wamp64\\www\\e...', 89, Array)
#2 C:\wamp64\www\eventos\Cake\2.7.7\lib\Cake\Core\App.php(933): call_user_func('ErrorHandler::h...', 1, 'Call to undefin...', 'C:\\wamp64\\www\\e...', 89, Array)
#3 C:\wamp64\www\eventos\Cake\2.7.7\lib\Cake\Core\App.php(906): App::_checkFatalError()
#4 [internal function]: App::shutdown()
#5 {main}
2017-11-10 18:16:50 Error: Fatal Error (1): Call to undefined method EventosController::precio() in [C:\wamp64\www\eventos\Controller\EventosController.php, line 810]
2017-11-10 18:16:50 Error: [FatalErrorException] Call to undefined method EventosController::precio()
Request URL: /eventos/product/skil-sierra-caladora-550w-cod-4550-1429
Stack Trace:
#0 C:\wamp64\www\eventos\Cake\2.7.7\lib\Cake\Error\ErrorHandler.php(213): ErrorHandler::handleFatalError(1, 'Call to undefin...', 'C:\\wamp64\\www\\e...', 810)
#1 [internal function]: ErrorHandler::handleError(1, 'Call to undefin...', 'C:\\wamp64\\www\\e...', 810, Array)
#2 C:\wamp64\www\eventos\Cake\2.7.7\lib\Cake\Core\App.php(933): call_user_func('ErrorHandler::h...', 1, 'Call to undefin...', 'C:\\wamp64\\www\\e...', 810, Array)
#3 C:\wamp64\www\eventos\Cake\2.7.7\lib\Cake\Core\App.php(906): App::_checkFatalError()
#4 [internal function]: App::shutdown()
#5 {main}
2017-11-14 09:48:35 Error: [MissingControllerException] Controller class Favicon.icoController could not be found.
Exception Attributes: array (
  'class' => 'Favicon.icoController',
  'plugin' => NULL,
)
Request URL: /eventos/favicon.ico
Stack Trace:
#0 C:\wamp64\www\eventos\webroot\index.php(86): Dispatcher->dispatch(Object(CakeRequest), Object(CakeResponse))
#1 {main}
2017-11-14 09:48:53 Error: Fatal Error (1): Call to undefined method EventosController::getsubdominio() in [C:\wamp64\www\eventos\Controller\EventosController.php, line 628]
2017-11-14 09:48:53 Error: [FatalErrorException] Call to undefined method EventosController::getsubdominio()
Request URL: /eventos/
Stack Trace:
#0 C:\wamp64\www\eventos\Cake\2.7.7\lib\Cake\Error\ErrorHandler.php(213): ErrorHandler::handleFatalError(1, 'Call to undefin...', 'C:\\wamp64\\www\\e...', 628)
#1 [internal function]: ErrorHandler::handleError(1, 'Call to undefin...', 'C:\\wamp64\\www\\e...', 628, Array)
#2 C:\wamp64\www\eventos\Cake\2.7.7\lib\Cake\Core\App.php(933): call_user_func('ErrorHandler::h...', 1, 'Call to undefin...', 'C:\\wamp64\\www\\e...', 628, Array)
#3 C:\wamp64\www\eventos\Cake\2.7.7\lib\Cake\Core\App.php(906): App::_checkFatalError()
#4 [internal function]: App::shutdown()
#5 {main}
2017-11-14 09:59:14 Error: Fatal Error (4): syntax error, unexpected ')' in [C:\wamp64\www\eventos\Controller\EventosController.php, line 642]
2017-11-14 09:59:14 Error: [FatalErrorException] syntax error, unexpected ')'
Request URL: /eventos/
Stack Trace:
#0 C:\wamp64\www\eventos\Cake\2.7.7\lib\Cake\Error\ErrorHandler.php(213): ErrorHandler::handleFatalError(4, 'syntax error, u...', 'C:\\wamp64\\www\\e...', 642)
#1 [internal function]: ErrorHandler::handleError(4, 'syntax error, u...', 'C:\\wamp64\\www\\e...', 642, Array)
#2 C:\wamp64\www\eventos\Cake\2.7.7\lib\Cake\Core\App.php(933): call_user_func('ErrorHandler::h...', 4, 'syntax error, u...', 'C:\\wamp64\\www\\e...', 642, Array)
#3 C:\wamp64\www\eventos\Cake\2.7.7\lib\Cake\Core\App.php(906): App::_checkFatalError()
#4 [internal function]: App::shutdown()
#5 {main}
2017-11-14 10:11:32 Error: [MissingViewException] View file "ajax_productos.ctp" is missing.
Exception Attributes: array (
  'file' => 'ajax_productos.ctp',
)
Request URL: /eventos/eventos/ajax_get_products/10/0
Stack Trace:
#0 C:\wamp64\www\eventos\Cake\2.7.7\lib\Cake\View\View.php(470): View->_getViewFileName('/ajax_productos')
#1 C:\wamp64\www\eventos\Cake\2.7.7\lib\Cake\Controller\Controller.php(960): View->render('/ajax_productos', NULL)
#2 C:\wamp64\www\eventos\Controller\EventosController.php(1197): Controller->render('/ajax_productos')
#3 [internal function]: EventosController->ajax_get_products('10', '0')
#4 C:\wamp64\www\eventos\Cake\2.7.7\lib\Cake\Controller\Controller.php(490): ReflectionMethod->invokeArgs(Object(EventosController), Array)
#5 C:\wamp64\www\eventos\Cake\2.7.7\lib\Cake\Routing\Dispatcher.php(193): Controller->invokeAction(Object(CakeRequest))
#6 C:\wamp64\www\eventos\Cake\2.7.7\lib\Cake\Routing\Dispatcher.php(167): Dispatcher->_invoke(Object(EventosController), Object(CakeRequest))
#7 C:\wamp64\www\eventos\webroot\index.php(86): Dispatcher->dispatch(Object(CakeRequest), Object(CakeResponse))
#8 {main}
2017-11-14 10:12:20 Error: Fatal Error (1): Call to undefined method EventosController::get_sliders() in [C:\wamp64\www\eventos\Controller\EventosController.php, line 643]
2017-11-14 10:12:20 Error: [FatalErrorException] Call to undefined method EventosController::get_sliders()
Request URL: /eventos/
Stack Trace:
#0 C:\wamp64\www\eventos\Cake\2.7.7\lib\Cake\Error\ErrorHandler.php(213): ErrorHandler::handleFatalError(1, 'Call to undefin...', 'C:\\wamp64\\www\\e...', 643)
#1 [internal function]: ErrorHandler::handleError(1, 'Call to undefin...', 'C:\\wamp64\\www\\e...', 643, Array)
#2 C:\wamp64\www\eventos\Cake\2.7.7\lib\Cake\Core\App.php(933): call_user_func('ErrorHandler::h...', 1, 'Call to undefin...', 'C:\\wamp64\\www\\e...', 643, Array)
#3 C:\wamp64\www\eventos\Cake\2.7.7\lib\Cake\Core\App.php(906): App::_checkFatalError()
#4 [internal function]: App::shutdown()
#5 {main}
2017-11-14 10:14:03 Error: [MissingViewException] View file "ajax_productos.ctp" is missing.
Exception Attributes: array (
  'file' => 'ajax_productos.ctp',
)
Request URL: /eventos/eventos/ajax_get_products/10/0
Stack Trace:
#0 C:\wamp64\www\eventos\Cake\2.7.7\lib\Cake\View\View.php(470): View->_getViewFileName('/ajax_productos')
#1 C:\wamp64\www\eventos\Cake\2.7.7\lib\Cake\Controller\Controller.php(960): View->render('/ajax_productos', NULL)
#2 C:\wamp64\www\eventos\Controller\EventosController.php(1197): Controller->render('/ajax_productos')
#3 [internal function]: EventosController->ajax_get_products('10', '0')
#4 C:\wamp64\www\eventos\Cake\2.7.7\lib\Cake\Controller\Controller.php(490): ReflectionMethod->invokeArgs(Object(EventosController), Array)
#5 C:\wamp64\www\eventos\Cake\2.7.7\lib\Cake\Routing\Dispatcher.php(193): Controller->invokeAction(Object(CakeRequest))
#6 C:\wamp64\www\eventos\Cake\2.7.7\lib\Cake\Routing\Dispatcher.php(167): Dispatcher->_invoke(Object(EventosController), Object(CakeRequest))
#7 C:\wamp64\www\eventos\webroot\index.php(86): Dispatcher->dispatch(Object(CakeRequest), Object(CakeResponse))
#8 {main}
2017-11-14 10:15:15 Error: [MissingViewException] View file "ajax_productos.ctp" is missing.
Exception Attributes: array (
  'file' => 'ajax_productos.ctp',
)
Request URL: /eventos/eventos/ajax_get_products/10/0
Stack Trace:
#0 C:\wamp64\www\eventos\Cake\2.7.7\lib\Cake\View\View.php(470): View->_getViewFileName('/ajax_productos')
#1 C:\wamp64\www\eventos\Cake\2.7.7\lib\Cake\Controller\Controller.php(960): View->render('/ajax_productos', NULL)
#2 C:\wamp64\www\eventos\Controller\EventosController.php(1197): Controller->render('/ajax_productos')
#3 [internal function]: EventosController->ajax_get_products('10', '0')
#4 C:\wamp64\www\eventos\Cake\2.7.7\lib\Cake\Controller\Controller.php(490): ReflectionMethod->invokeArgs(Object(EventosController), Array)
#5 C:\wamp64\www\eventos\Cake\2.7.7\lib\Cake\Routing\Dispatcher.php(193): Controller->invokeAction(Object(CakeRequest))
#6 C:\wamp64\www\eventos\Cake\2.7.7\lib\Cake\Routing\Dispatcher.php(167): Dispatcher->_invoke(Object(EventosController), Object(CakeRequest))
#7 C:\wamp64\www\eventos\webroot\index.php(86): Dispatcher->dispatch(Object(CakeRequest), Object(CakeResponse))
#8 {main}
2017-11-14 10:15:26 Error: [MissingViewException] View file "ajax_productos.ctp" is missing.
Exception Attributes: array (
  'file' => 'ajax_productos.ctp',
)
Request URL: /eventos/eventos/ajax_get_products/10/0
Stack Trace:
#0 C:\wamp64\www\eventos\Cake\2.7.7\lib\Cake\View\View.php(470): View->_getViewFileName('/ajax_productos')
#1 C:\wamp64\www\eventos\Cake\2.7.7\lib\Cake\Controller\Controller.php(960): View->render('/ajax_productos', NULL)
#2 C:\wamp64\www\eventos\Controller\EventosController.php(1197): Controller->render('/ajax_productos')
#3 [internal function]: EventosController->ajax_get_products('10', '0')
#4 C:\wamp64\www\eventos\Cake\2.7.7\lib\Cake\Controller\Controller.php(490): ReflectionMethod->invokeArgs(Object(EventosController), Array)
#5 C:\wamp64\www\eventos\Cake\2.7.7\lib\Cake\Routing\Dispatcher.php(193): Controller->invokeAction(Object(CakeRequest))
#6 C:\wamp64\www\eventos\Cake\2.7.7\lib\Cake\Routing\Dispatcher.php(167): Dispatcher->_invoke(Object(EventosController), Object(CakeRequest))
#7 C:\wamp64\www\eventos\webroot\index.php(86): Dispatcher->dispatch(Object(CakeRequest), Object(CakeResponse))
#8 {main}
2017-11-14 10:24:00 Error: [MissingViewException] View file "ajax_productos.ctp" is missing.
Exception Attributes: array (
  'file' => 'ajax_productos.ctp',
)
Request URL: /eventos/eventos/ajax_get_products/10/0
Stack Trace:
#0 C:\wamp64\www\eventos\Cake\2.7.7\lib\Cake\View\View.php(470): View->_getViewFileName('/ajax_productos')
#1 C:\wamp64\www\eventos\Cake\2.7.7\lib\Cake\Controller\Controller.php(960): View->render('/ajax_productos', NULL)
#2 C:\wamp64\www\eventos\Controller\EventosController.php(1194): Controller->render('/ajax_productos')
#3 [internal function]: EventosController->ajax_get_products('10', '0')
#4 C:\wamp64\www\eventos\Cake\2.7.7\lib\Cake\Controller\Controller.php(490): ReflectionMethod->invokeArgs(Object(EventosController), Array)
#5 C:\wamp64\www\eventos\Cake\2.7.7\lib\Cake\Routing\Dispatcher.php(193): Controller->invokeAction(Object(CakeRequest))
#6 C:\wamp64\www\eventos\Cake\2.7.7\lib\Cake\Routing\Dispatcher.php(167): Dispatcher->_invoke(Object(EventosController), Object(CakeRequest))
#7 C:\wamp64\www\eventos\webroot\index.php(86): Dispatcher->dispatch(Object(CakeRequest), Object(CakeResponse))
#8 {main}
2017-11-14 10:26:58 Error: Fatal Error (4): syntax error, unexpected ''{n}.id_product'' (T_CONSTANT_ENCAPSED_STRING) in [C:\wamp64\www\eventos\Controller\EventosController.php, line 869]
2017-11-14 10:26:58 Error: [FatalErrorException] syntax error, unexpected ''{n}.id_product'' (T_CONSTANT_ENCAPSED_STRING)
Request URL: /eventos/
Stack Trace:
#0 C:\wamp64\www\eventos\Cake\2.7.7\lib\Cake\Error\ErrorHandler.php(213): ErrorHandler::handleFatalError(4, 'syntax error, u...', 'C:\\wamp64\\www\\e...', 869)
#1 [internal function]: ErrorHandler::handleError(4, 'syntax error, u...', 'C:\\wamp64\\www\\e...', 869, Array)
#2 C:\wamp64\www\eventos\Cake\2.7.7\lib\Cake\Core\App.php(933): call_user_func('ErrorHandler::h...', 4, 'syntax error, u...', 'C:\\wamp64\\www\\e...', 869, Array)
#3 C:\wamp64\www\eventos\Cake\2.7.7\lib\Cake\Core\App.php(906): App::_checkFatalError()
#4 [internal function]: App::shutdown()
#5 {main}
2017-11-14 10:33:54 Error: Fatal Error (4): syntax error, unexpected ''{n}.id_product'' (T_CONSTANT_ENCAPSED_STRING) in [C:\wamp64\www\eventos\Controller\EventosController.php, line 869]
2017-11-14 10:33:54 Error: [FatalErrorException] syntax error, unexpected ''{n}.id_product'' (T_CONSTANT_ENCAPSED_STRING)
Request URL: /eventos/
Stack Trace:
#0 C:\wamp64\www\eventos\Cake\2.7.7\lib\Cake\Error\ErrorHandler.php(213): ErrorHandler::handleFatalError(4, 'syntax error, u...', 'C:\\wamp64\\www\\e...', 869)
#1 [internal function]: ErrorHandler::handleError(4, 'syntax error, u...', 'C:\\wamp64\\www\\e...', 869, Array)
#2 C:\wamp64\www\eventos\Cake\2.7.7\lib\Cake\Core\App.php(933): call_user_func('ErrorHandler::h...', 4, 'syntax error, u...', 'C:\\wamp64\\www\\e...', 869, Array)
#3 C:\wamp64\www\eventos\Cake\2.7.7\lib\Cake\Core\App.php(906): App::_checkFatalError()
#4 [internal function]: App::shutdown()
#5 {main}
2017-11-14 11:27:48 Error: Fatal Error (4): syntax error, unexpected ''{n}.id_product'' (T_CONSTANT_ENCAPSED_STRING) in [C:\wamp64\www\eventos\Controller\EventosController.php, line 869]
2017-11-14 11:27:48 Error: [FatalErrorException] syntax error, unexpected ''{n}.id_product'' (T_CONSTANT_ENCAPSED_STRING)
Request URL: /eventos/
Stack Trace:
#0 C:\wamp64\www\eventos\Cake\2.7.7\lib\Cake\Error\ErrorHandler.php(213): ErrorHandler::handleFatalError(4, 'syntax error, u...', 'C:\\wamp64\\www\\e...', 869)
#1 [internal function]: ErrorHandler::handleError(4, 'syntax error, u...', 'C:\\wamp64\\www\\e...', 869, Array)
#2 C:\wamp64\www\eventos\Cake\2.7.7\lib\Cake\Core\App.php(933): call_user_func('ErrorHandler::h...', 4, 'syntax error, u...', 'C:\\wamp64\\www\\e...', 869, Array)
#3 C:\wamp64\www\eventos\Cake\2.7.7\lib\Cake\Core\App.php(906): App::_checkFatalError()
#4 [internal function]: App::shutdown()
#5 {main}
2017-11-14 11:27:49 Error: Fatal Error (4): syntax error, unexpected ''{n}.id_product'' (T_CONSTANT_ENCAPSED_STRING) in [C:\wamp64\www\eventos\Controller\EventosController.php, line 869]
2017-11-14 11:27:49 Error: [FatalErrorException] syntax error, unexpected ''{n}.id_product'' (T_CONSTANT_ENCAPSED_STRING)
Request URL: /eventos/
Stack Trace:
#0 C:\wamp64\www\eventos\Cake\2.7.7\lib\Cake\Error\ErrorHandler.php(213): ErrorHandler::handleFatalError(4, 'syntax error, u...', 'C:\\wamp64\\www\\e...', 869)
#1 [internal function]: ErrorHandler::handleError(4, 'syntax error, u...', 'C:\\wamp64\\www\\e...', 869, Array)
#2 C:\wamp64\www\eventos\Cake\2.7.7\lib\Cake\Core\App.php(933): call_user_func('ErrorHandler::h...', 4, 'syntax error, u...', 'C:\\wamp64\\www\\e...', 869, Array)
#3 C:\wamp64\www\eventos\Cake\2.7.7\lib\Cake\Core\App.php(906): App::_checkFatalError()
#4 [internal function]: App::shutdown()
#5 {main}
2017-11-14 11:28:04 Error: Fatal Error (4): syntax error, unexpected ''{n}.id_product'' (T_CONSTANT_ENCAPSED_STRING) in [C:\wamp64\www\eventos\Controller\EventosController.php, line 869]
2017-11-14 11:28:04 Error: [FatalErrorException] syntax error, unexpected ''{n}.id_product'' (T_CONSTANT_ENCAPSED_STRING)
Request URL: /eventos/
Stack Trace:
#0 C:\wamp64\www\eventos\Cake\2.7.7\lib\Cake\Error\ErrorHandler.php(213): ErrorHandler::handleFatalError(4, 'syntax error, u...', 'C:\\wamp64\\www\\e...', 869)
#1 [internal function]: ErrorHandler::handleError(4, 'syntax error, u...', 'C:\\wamp64\\www\\e...', 869, Array)
#2 C:\wamp64\www\eventos\Cake\2.7.7\lib\Cake\Core\App.php(933): call_user_func('ErrorHandler::h...', 4, 'syntax error, u...', 'C:\\wamp64\\www\\e...', 869, Array)
#3 C:\wamp64\www\eventos\Cake\2.7.7\lib\Cake\Core\App.php(906): App::_checkFatalError()
#4 [internal function]: App::shutdown()
#5 {main}
2017-11-14 11:28:22 Error: Fatal Error (4): syntax error, unexpected ''{n}.id_product'' (T_CONSTANT_ENCAPSED_STRING) in [C:\wamp64\www\eventos\Controller\EventosController.php, line 869]
2017-11-14 11:28:22 Error: [FatalErrorException] syntax error, unexpected ''{n}.id_product'' (T_CONSTANT_ENCAPSED_STRING)
Request URL: /eventos/
Stack Trace:
#0 C:\wamp64\www\eventos\Cake\2.7.7\lib\Cake\Error\ErrorHandler.php(213): ErrorHandler::handleFatalError(4, 'syntax error, u...', 'C:\\wamp64\\www\\e...', 869)
#1 [internal function]: ErrorHandler::handleError(4, 'syntax error, u...', 'C:\\wamp64\\www\\e...', 869, Array)
#2 C:\wamp64\www\eventos\Cake\2.7.7\lib\Cake\Core\App.php(933): call_user_func('ErrorHandler::h...', 4, 'syntax error, u...', 'C:\\wamp64\\www\\e...', 869, Array)
#3 C:\wamp64\www\eventos\Cake\2.7.7\lib\Cake\Core\App.php(906): App::_checkFatalError()
#4 [internal function]: App::shutdown()
#5 {main}
2017-11-14 11:28:55 Error: Fatal Error (4): syntax error, unexpected ''{n}.id_product'' (T_CONSTANT_ENCAPSED_STRING) in [C:\wamp64\www\eventos\Controller\EventosController.php, line 869]
2017-11-14 11:28:55 Error: [FatalErrorException] syntax error, unexpected ''{n}.id_product'' (T_CONSTANT_ENCAPSED_STRING)
Request URL: /eventos/
Stack Trace:
#0 C:\wamp64\www\eventos\Cake\2.7.7\lib\Cake\Error\ErrorHandler.php(213): ErrorHandler::handleFatalError(4, 'syntax error, u...', 'C:\\wamp64\\www\\e...', 869)
#1 [internal function]: ErrorHandler::handleError(4, 'syntax error, u...', 'C:\\wamp64\\www\\e...', 869, Array)
#2 C:\wamp64\www\eventos\Cake\2.7.7\lib\Cake\Core\App.php(933): call_user_func('ErrorHandler::h...', 4, 'syntax error, u...', 'C:\\wamp64\\www\\e...', 869, Array)
#3 C:\wamp64\www\eventos\Cake\2.7.7\lib\Cake\Core\App.php(906): App::_checkFatalError()
#4 [internal function]: App::shutdown()
#5 {main}
2017-11-14 11:30:04 Error: Fatal Error (4): syntax error, unexpected ''{n}.id_product'' (T_CONSTANT_ENCAPSED_STRING) in [C:\wamp64\www\eventos\Controller\EventosController.php, line 869]
2017-11-14 11:30:04 Error: [FatalErrorException] syntax error, unexpected ''{n}.id_product'' (T_CONSTANT_ENCAPSED_STRING)
Request URL: /eventos/
Stack Trace:
#0 C:\wamp64\www\eventos\Cake\2.7.7\lib\Cake\Error\ErrorHandler.php(213): ErrorHandler::handleFatalError(4, 'syntax error, u...', 'C:\\wamp64\\www\\e...', 869)
#1 [internal function]: ErrorHandler::handleError(4, 'syntax error, u...', 'C:\\wamp64\\www\\e...', 869, Array)
#2 C:\wamp64\www\eventos\Cake\2.7.7\lib\Cake\Core\App.php(933): call_user_func('ErrorHandler::h...', 4, 'syntax error, u...', 'C:\\wamp64\\www\\e...', 869, Array)
#3 C:\wamp64\www\eventos\Cake\2.7.7\lib\Cake\Core\App.php(906): App::_checkFatalError()
#4 [internal function]: App::shutdown()
#5 {main}
2017-11-14 11:30:56 Error: Fatal Error (4): syntax error, unexpected ''{n}.id_product'' (T_CONSTANT_ENCAPSED_STRING) in [C:\wamp64\www\eventos\Controller\EventosController.php, line 869]
2017-11-14 11:30:56 Error: [FatalErrorException] syntax error, unexpected ''{n}.id_product'' (T_CONSTANT_ENCAPSED_STRING)
Request URL: /eventos/
Stack Trace:
#0 C:\wamp64\www\eventos\Cake\2.7.7\lib\Cake\Error\ErrorHandler.php(213): ErrorHandler::handleFatalError(4, 'syntax error, u...', 'C:\\wamp64\\www\\e...', 869)
#1 [internal function]: ErrorHandler::handleError(4, 'syntax error, u...', 'C:\\wamp64\\www\\e...', 869, Array)
#2 C:\wamp64\www\eventos\Cake\2.7.7\lib\Cake\Core\App.php(933): call_user_func('ErrorHandler::h...', 4, 'syntax error, u...', 'C:\\wamp64\\www\\e...', 869, Array)
#3 C:\wamp64\www\eventos\Cake\2.7.7\lib\Cake\Core\App.php(906): App::_checkFatalError()
#4 [internal function]: App::shutdown()
#5 {main}
2017-11-14 11:31:41 Error: Fatal Error (4): syntax error, unexpected ''{n}.id_product'' (T_CONSTANT_ENCAPSED_STRING) in [C:\wamp64\www\eventos\Controller\EventosController.php, line 869]
2017-11-14 11:31:41 Error: [FatalErrorException] syntax error, unexpected ''{n}.id_product'' (T_CONSTANT_ENCAPSED_STRING)
Request URL: /eventos/
Stack Trace:
#0 C:\wamp64\www\eventos\Cake\2.7.7\lib\Cake\Error\ErrorHandler.php(213): ErrorHandler::handleFatalError(4, 'syntax error, u...', 'C:\\wamp64\\www\\e...', 869)
#1 [internal function]: ErrorHandler::handleError(4, 'syntax error, u...', 'C:\\wamp64\\www\\e...', 869, Array)
#2 C:\wamp64\www\eventos\Cake\2.7.7\lib\Cake\Core\App.php(933): call_user_func('ErrorHandler::h...', 4, 'syntax error, u...', 'C:\\wamp64\\www\\e...', 869, Array)
#3 C:\wamp64\www\eventos\Cake\2.7.7\lib\Cake\Core\App.php(906): App::_checkFatalError()
#4 [internal function]: App::shutdown()
#5 {main}
2017-11-14 11:31:51 Error: Fatal Error (4): syntax error, unexpected ''{n}.id_product'' (T_CONSTANT_ENCAPSED_STRING) in [C:\wamp64\www\eventos\Controller\EventosController.php, line 869]
2017-11-14 11:31:51 Error: [FatalErrorException] syntax error, unexpected ''{n}.id_product'' (T_CONSTANT_ENCAPSED_STRING)
Request URL: /eventos/
Stack Trace:
#0 C:\wamp64\www\eventos\Cake\2.7.7\lib\Cake\Error\ErrorHandler.php(213): ErrorHandler::handleFatalError(4, 'syntax error, u...', 'C:\\wamp64\\www\\e...', 869)
#1 [internal function]: ErrorHandler::handleError(4, 'syntax error, u...', 'C:\\wamp64\\www\\e...', 869, Array)
#2 C:\wamp64\www\eventos\Cake\2.7.7\lib\Cake\Core\App.php(933): call_user_func('ErrorHandler::h...', 4, 'syntax error, u...', 'C:\\wamp64\\www\\e...', 869, Array)
#3 C:\wamp64\www\eventos\Cake\2.7.7\lib\Cake\Core\App.php(906): App::_checkFatalError()
#4 [internal function]: App::shutdown()
#5 {main}
2017-11-14 11:34:18 Error: Fatal Error (4): syntax error, unexpected ''{n}.id_product'' (T_CONSTANT_ENCAPSED_STRING) in [C:\wamp64\www\eventos\Controller\EventosController.php, line 869]
2017-11-14 11:34:18 Error: [FatalErrorException] syntax error, unexpected ''{n}.id_product'' (T_CONSTANT_ENCAPSED_STRING)
Request URL: /eventos/
Stack Trace:
#0 C:\wamp64\www\eventos\Cake\2.7.7\lib\Cake\Error\ErrorHandler.php(213): ErrorHandler::handleFatalError(4, 'syntax error, u...', 'C:\\wamp64\\www\\e...', 869)
#1 [internal function]: ErrorHandler::handleError(4, 'syntax error, u...', 'C:\\wamp64\\www\\e...', 869, Array)
#2 C:\wamp64\www\eventos\Cake\2.7.7\lib\Cake\Core\App.php(933): call_user_func('ErrorHandler::h...', 4, 'syntax error, u...', 'C:\\wamp64\\www\\e...', 869, Array)
#3 C:\wamp64\www\eventos\Cake\2.7.7\lib\Cake\Core\App.php(906): App::_checkFatalError()
#4 [internal function]: App::shutdown()
#5 {main}
2017-11-14 11:37:23 Error: Fatal Error (4): syntax error, unexpected ''{n}.id_product'' (T_CONSTANT_ENCAPSED_STRING) in [C:\wamp64\www\eventos\Controller\EventosController.php, line 869]
2017-11-14 11:37:23 Error: [FatalErrorException] syntax error, unexpected ''{n}.id_product'' (T_CONSTANT_ENCAPSED_STRING)
Request URL: /eventos/
Stack Trace:
#0 C:\wamp64\www\eventos\Cake\2.7.7\lib\Cake\Error\ErrorHandler.php(213): ErrorHandler::handleFatalError(4, 'syntax error, u...', 'C:\\wamp64\\www\\e...', 869)
#1 [internal function]: ErrorHandler::handleError(4, 'syntax error, u...', 'C:\\wamp64\\www\\e...', 869, Array)
#2 C:\wamp64\www\eventos\Cake\2.7.7\lib\Cake\Core\App.php(933): call_user_func('ErrorHandler::h...', 4, 'syntax error, u...', 'C:\\wamp64\\www\\e...', 869, Array)
#3 C:\wamp64\www\eventos\Cake\2.7.7\lib\Cake\Core\App.php(906): App::_checkFatalError()
#4 [internal function]: App::shutdown()
#5 {main}
2017-11-14 11:38:54 Error: Fatal Error (4): syntax error, unexpected ''{n}.id_product'' (T_CONSTANT_ENCAPSED_STRING) in [C:\wamp64\www\eventos\Controller\EventosController.php, line 869]
2017-11-14 11:38:54 Error: [FatalErrorException] syntax error, unexpected ''{n}.id_product'' (T_CONSTANT_ENCAPSED_STRING)
Request URL: /eventos/
Stack Trace:
#0 C:\wamp64\www\eventos\Cake\2.7.7\lib\Cake\Error\ErrorHandler.php(213): ErrorHandler::handleFatalError(4, 'syntax error, u...', 'C:\\wamp64\\www\\e...', 869)
#1 [internal function]: ErrorHandler::handleError(4, 'syntax error, u...', 'C:\\wamp64\\www\\e...', 869, Array)
#2 C:\wamp64\www\eventos\Cake\2.7.7\lib\Cake\Core\App.php(933): call_user_func('ErrorHandler::h...', 4, 'syntax error, u...', 'C:\\wamp64\\www\\e...', 869, Array)
#3 C:\wamp64\www\eventos\Cake\2.7.7\lib\Cake\Core\App.php(906): App::_checkFatalError()
#4 [internal function]: App::shutdown()
#5 {main}
2017-11-14 11:39:53 Error: Fatal Error (4): syntax error, unexpected ''{n}.id_product'' (T_CONSTANT_ENCAPSED_STRING) in [C:\wamp64\www\eventos\Controller\EventosController.php, line 869]
2017-11-14 11:39:53 Error: [FatalErrorException] syntax error, unexpected ''{n}.id_product'' (T_CONSTANT_ENCAPSED_STRING)
Request URL: /eventos/
Stack Trace:
#0 C:\wamp64\www\eventos\Cake\2.7.7\lib\Cake\Error\ErrorHandler.php(213): ErrorHandler::handleFatalError(4, 'syntax error, u...', 'C:\\wamp64\\www\\e...', 869)
#1 [internal function]: ErrorHandler::handleError(4, 'syntax error, u...', 'C:\\wamp64\\www\\e...', 869, Array)
#2 C:\wamp64\www\eventos\Cake\2.7.7\lib\Cake\Core\App.php(933): call_user_func('ErrorHandler::h...', 4, 'syntax error, u...', 'C:\\wamp64\\www\\e...', 869, Array)
#3 C:\wamp64\www\eventos\Cake\2.7.7\lib\Cake\Core\App.php(906): App::_checkFatalError()
#4 [internal function]: App::shutdown()
#5 {main}
2017-11-14 12:05:04 Error: Fatal Error (4): syntax error, unexpected ''{n}.id_product'' (T_CONSTANT_ENCAPSED_STRING) in [C:\wamp64\www\eventos\Controller\EventosController.php, line 869]
2017-11-14 12:05:04 Error: [FatalErrorException] syntax error, unexpected ''{n}.id_product'' (T_CONSTANT_ENCAPSED_STRING)
Request URL: /eventos/
Stack Trace:
#0 C:\wamp64\www\eventos\Cake\2.7.7\lib\Cake\Error\ErrorHandler.php(213): ErrorHandler::handleFatalError(4, 'syntax error, u...', 'C:\\wamp64\\www\\e...', 869)
#1 [internal function]: ErrorHandler::handleError(4, 'syntax error, u...', 'C:\\wamp64\\www\\e...', 869, Array)
#2 C:\wamp64\www\eventos\Cake\2.7.7\lib\Cake\Core\App.php(933): call_user_func('ErrorHandler::h...', 4, 'syntax error, u...', 'C:\\wamp64\\www\\e...', 869, Array)
#3 C:\wamp64\www\eventos\Cake\2.7.7\lib\Cake\Core\App.php(906): App::_checkFatalError()
#4 [internal function]: App::shutdown()
#5 {main}
2017-11-14 12:05:18 Error: Fatal Error (4): syntax error, unexpected ''{n}.id_product'' (T_CONSTANT_ENCAPSED_STRING) in [C:\wamp64\www\eventos\Controller\EventosController.php, line 869]
2017-11-14 12:05:18 Error: [FatalErrorException] syntax error, unexpected ''{n}.id_product'' (T_CONSTANT_ENCAPSED_STRING)
Request URL: /eventos/
Stack Trace:
#0 C:\wamp64\www\eventos\Cake\2.7.7\lib\Cake\Error\ErrorHandler.php(213): ErrorHandler::handleFatalError(4, 'syntax error, u...', 'C:\\wamp64\\www\\e...', 869)
#1 [internal function]: ErrorHandler::handleError(4, 'syntax error, u...', 'C:\\wamp64\\www\\e...', 869, Array)
#2 C:\wamp64\www\eventos\Cake\2.7.7\lib\Cake\Core\App.php(933): call_user_func('ErrorHandler::h...', 4, 'syntax error, u...', 'C:\\wamp64\\www\\e...', 869, Array)
#3 C:\wamp64\www\eventos\Cake\2.7.7\lib\Cake\Core\App.php(906): App::_checkFatalError()
#4 [internal function]: App::shutdown()
#5 {main}
2017-11-14 12:06:24 Error: Fatal Error (4): syntax error, unexpected ''{n}.id_product'' (T_CONSTANT_ENCAPSED_STRING) in [C:\wamp64\www\eventos\Controller\EventosController.php, line 869]
2017-11-14 12:06:24 Error: [FatalErrorException] syntax error, unexpected ''{n}.id_product'' (T_CONSTANT_ENCAPSED_STRING)
Request URL: /eventos/
Stack Trace:
#0 C:\wamp64\www\eventos\Cake\2.7.7\lib\Cake\Error\ErrorHandler.php(213): ErrorHandler::handleFatalError(4, 'syntax error, u...', 'C:\\wamp64\\www\\e...', 869)
#1 [internal function]: ErrorHandler::handleError(4, 'syntax error, u...', 'C:\\wamp64\\www\\e...', 869, Array)
#2 C:\wamp64\www\eventos\Cake\2.7.7\lib\Cake\Core\App.php(933): call_user_func('ErrorHandler::h...', 4, 'syntax error, u...', 'C:\\wamp64\\www\\e...', 869, Array)
#3 C:\wamp64\www\eventos\Cake\2.7.7\lib\Cake\Core\App.php(906): App::_checkFatalError()
#4 [internal function]: App::shutdown()
#5 {main}
2017-11-14 12:08:25 Error: Fatal Error (4): syntax error, unexpected ''{n}.id_product'' (T_CONSTANT_ENCAPSED_STRING) in [C:\wamp64\www\eventos\Controller\EventosController.php, line 869]
2017-11-14 12:08:25 Error: [FatalErrorException] syntax error, unexpected ''{n}.id_product'' (T_CONSTANT_ENCAPSED_STRING)
Request URL: /eventos/
Stack Trace:
#0 C:\wamp64\www\eventos\Cake\2.7.7\lib\Cake\Error\ErrorHandler.php(213): ErrorHandler::handleFatalError(4, 'syntax error, u...', 'C:\\wamp64\\www\\e...', 869)
#1 [internal function]: ErrorHandler::handleError(4, 'syntax error, u...', 'C:\\wamp64\\www\\e...', 869, Array)
#2 C:\wamp64\www\eventos\Cake\2.7.7\lib\Cake\Core\App.php(933): call_user_func('ErrorHandler::h...', 4, 'syntax error, u...', 'C:\\wamp64\\www\\e...', 869, Array)
#3 C:\wamp64\www\eventos\Cake\2.7.7\lib\Cake\Core\App.php(906): App::_checkFatalError()
#4 [internal function]: App::shutdown()
#5 {main}
2017-11-14 12:09:38 Error: Fatal Error (4): syntax error, unexpected ''{n}.id_product'' (T_CONSTANT_ENCAPSED_STRING) in [C:\wamp64\www\eventos\Controller\EventosController.php, line 869]
2017-11-14 12:09:38 Error: [FatalErrorException] syntax error, unexpected ''{n}.id_product'' (T_CONSTANT_ENCAPSED_STRING)
Request URL: /eventos/
Stack Trace:
#0 C:\wamp64\www\eventos\Cake\2.7.7\lib\Cake\Error\ErrorHandler.php(213): ErrorHandler::handleFatalError(4, 'syntax error, u...', 'C:\\wamp64\\www\\e...', 869)
#1 [internal function]: ErrorHandler::handleError(4, 'syntax error, u...', 'C:\\wamp64\\www\\e...', 869, Array)
#2 C:\wamp64\www\eventos\Cake\2.7.7\lib\Cake\Core\App.php(933): call_user_func('ErrorHandler::h...', 4, 'syntax error, u...', 'C:\\wamp64\\www\\e...', 869, Array)
#3 C:\wamp64\www\eventos\Cake\2.7.7\lib\Cake\Core\App.php(906): App::_checkFatalError()
#4 [internal function]: App::shutdown()
#5 {main}
2017-11-14 12:09:45 Error: Fatal Error (4): syntax error, unexpected ''{n}.id_product'' (T_CONSTANT_ENCAPSED_STRING) in [C:\wamp64\www\eventos\Controller\EventosController.php, line 869]
2017-11-14 12:09:45 Error: [FatalErrorException] syntax error, unexpected ''{n}.id_product'' (T_CONSTANT_ENCAPSED_STRING)
Request URL: /eventos/
Stack Trace:
#0 C:\wamp64\www\eventos\Cake\2.7.7\lib\Cake\Error\ErrorHandler.php(213): ErrorHandler::handleFatalError(4, 'syntax error, u...', 'C:\\wamp64\\www\\e...', 869)
#1 [internal function]: ErrorHandler::handleError(4, 'syntax error, u...', 'C:\\wamp64\\www\\e...', 869, Array)
#2 C:\wamp64\www\eventos\Cake\2.7.7\lib\Cake\Core\App.php(933): call_user_func('ErrorHandler::h...', 4, 'syntax error, u...', 'C:\\wamp64\\www\\e...', 869, Array)
#3 C:\wamp64\www\eventos\Cake\2.7.7\lib\Cake\Core\App.php(906): App::_checkFatalError()
#4 [internal function]: App::shutdown()
#5 {main}
2017-11-14 12:10:11 Error: Fatal Error (4): syntax error, unexpected ''{n}.id_product'' (T_CONSTANT_ENCAPSED_STRING) in [C:\wamp64\www\eventos\Controller\EventosController.php, line 869]
2017-11-14 12:10:11 Error: [FatalErrorException] syntax error, unexpected ''{n}.id_product'' (T_CONSTANT_ENCAPSED_STRING)
Request URL: /eventos/
Stack Trace:
#0 C:\wamp64\www\eventos\Cake\2.7.7\lib\Cake\Error\ErrorHandler.php(213): ErrorHandler::handleFatalError(4, 'syntax error, u...', 'C:\\wamp64\\www\\e...', 869)
#1 [internal function]: ErrorHandler::handleError(4, 'syntax error, u...', 'C:\\wamp64\\www\\e...', 869, Array)
#2 C:\wamp64\www\eventos\Cake\2.7.7\lib\Cake\Core\App.php(933): call_user_func('ErrorHandler::h...', 4, 'syntax error, u...', 'C:\\wamp64\\www\\e...', 869, Array)
#3 C:\wamp64\www\eventos\Cake\2.7.7\lib\Cake\Core\App.php(906): App::_checkFatalError()
#4 [internal function]: App::shutdown()
#5 {main}
2017-11-14 12:17:49 Error: [MissingViewException] View file "ajax_productos.ctp" is missing.
Exception Attributes: array (
  'file' => 'ajax_productos.ctp',
)
Request URL: /eventos/eventos/ajax_get_products/10/0
Stack Trace:
#0 C:\wamp64\www\eventos\Cake\2.7.7\lib\Cake\View\View.php(470): View->_getViewFileName('/ajax_productos')
#1 C:\wamp64\www\eventos\Cake\2.7.7\lib\Cake\Controller\Controller.php(960): View->render('/ajax_productos', NULL)
#2 C:\wamp64\www\eventos\Controller\EventosController.php(1204): Controller->render('/ajax_productos')
#3 [internal function]: EventosController->ajax_get_products('10', '0')
#4 C:\wamp64\www\eventos\Cake\2.7.7\lib\Cake\Controller\Controller.php(490): ReflectionMethod->invokeArgs(Object(EventosController), Array)
#5 C:\wamp64\www\eventos\Cake\2.7.7\lib\Cake\Routing\Dispatcher.php(193): Controller->invokeAction(Object(CakeRequest))
#6 C:\wamp64\www\eventos\Cake\2.7.7\lib\Cake\Routing\Dispatcher.php(167): Dispatcher->_invoke(Object(EventosController), Object(CakeRequest))
#7 C:\wamp64\www\eventos\webroot\index.php(86): Dispatcher->dispatch(Object(CakeRequest), Object(CakeResponse))
#8 {main}
2017-11-14 12:19:37 Error: [MissingViewException] View file "ajax_productos.ctp" is missing.
Exception Attributes: array (
  'file' => 'ajax_productos.ctp',
)
Request URL: /eventos/eventos/ajax_get_products/10/0
Stack Trace:
#0 C:\wamp64\www\eventos\Cake\2.7.7\lib\Cake\View\View.php(470): View->_getViewFileName('/ajax_productos')
#1 C:\wamp64\www\eventos\Cake\2.7.7\lib\Cake\Controller\Controller.php(960): View->render('/ajax_productos', NULL)
#2 C:\wamp64\www\eventos\Controller\EventosController.php(1204): Controller->render('/ajax_productos')
#3 [internal function]: EventosController->ajax_get_products('10', '0')
#4 C:\wamp64\www\eventos\Cake\2.7.7\lib\Cake\Controller\Controller.php(490): ReflectionMethod->invokeArgs(Object(EventosController), Array)
#5 C:\wamp64\www\eventos\Cake\2.7.7\lib\Cake\Routing\Dispatcher.php(193): Controller->invokeAction(Object(CakeRequest))
#6 C:\wamp64\www\eventos\Cake\2.7.7\lib\Cake\Routing\Dispatcher.php(167): Dispatcher->_invoke(Object(EventosController), Object(CakeRequest))
#7 C:\wamp64\www\eventos\webroot\index.php(86): Dispatcher->dispatch(Object(CakeRequest), Object(CakeResponse))
#8 {main}
2017-11-14 12:20:17 Error: [MissingViewException] View file "ajax_productos.ctp" is missing.
Exception Attributes: array (
  'file' => 'ajax_productos.ctp',
)
Request URL: /eventos/eventos/ajax_get_products/10/0
Stack Trace:
#0 C:\wamp64\www\eventos\Cake\2.7.7\lib\Cake\View\View.php(470): View->_getViewFileName('/ajax_productos')
#1 C:\wamp64\www\eventos\Cake\2.7.7\lib\Cake\Controller\Controller.php(960): View->render('/ajax_productos', NULL)
#2 C:\wamp64\www\eventos\Controller\EventosController.php(1204): Controller->render('/ajax_productos')
#3 [internal function]: EventosController->ajax_get_products('10', '0')
#4 C:\wamp64\www\eventos\Cake\2.7.7\lib\Cake\Controller\Controller.php(490): ReflectionMethod->invokeArgs(Object(EventosController), Array)
#5 C:\wamp64\www\eventos\Cake\2.7.7\lib\Cake\Routing\Dispatcher.php(193): Controller->invokeAction(Object(CakeRequest))
#6 C:\wamp64\www\eventos\Cake\2.7.7\lib\Cake\Routing\Dispatcher.php(167): Dispatcher->_invoke(Object(EventosController), Object(CakeRequest))
#7 C:\wamp64\www\eventos\webroot\index.php(86): Dispatcher->dispatch(Object(CakeRequest), Object(CakeResponse))
#8 {main}
2017-11-14 12:20:40 Error: [MissingViewException] View file "ajax_productos.ctp" is missing.
Exception Attributes: array (
  'file' => 'ajax_productos.ctp',
)
Request URL: /eventos/eventos/ajax_get_products/10/0
Stack Trace:
#0 C:\wamp64\www\eventos\Cake\2.7.7\lib\Cake\View\View.php(470): View->_getViewFileName('/ajax_productos')
#1 C:\wamp64\www\eventos\Cake\2.7.7\lib\Cake\Controller\Controller.php(960): View->render('/ajax_productos', NULL)
#2 C:\wamp64\www\eventos\Controller\EventosController.php(1204): Controller->render('/ajax_productos')
#3 [internal function]: EventosController->ajax_get_products('10', '0')
#4 C:\wamp64\www\eventos\Cake\2.7.7\lib\Cake\Controller\Controller.php(490): ReflectionMethod->invokeArgs(Object(EventosController), Array)
#5 C:\wamp64\www\eventos\Cake\2.7.7\lib\Cake\Routing\Dispatcher.php(193): Controller->invokeAction(Object(CakeRequest))
#6 C:\wamp64\www\eventos\Cake\2.7.7\lib\Cake\Routing\Dispatcher.php(167): Dispatcher->_invoke(Object(EventosController), Object(CakeRequest))
#7 C:\wamp64\www\eventos\webroot\index.php(86): Dispatcher->dispatch(Object(CakeRequest), Object(CakeResponse))
#8 {main}
2017-11-14 12:27:49 Error: Fatal Error (4): syntax error, unexpected ';' in [C:\wamp64\www\eventos\Controller\AppController.php, line 105]
2017-11-14 12:27:49 Error: [FatalErrorException] syntax error, unexpected ';'
Request URL: /eventos/eventos/ajax_get_products/10/0
Stack Trace:
#0 C:\wamp64\www\eventos\Cake\2.7.7\lib\Cake\Error\ErrorHandler.php(213): ErrorHandler::handleFatalError(4, 'syntax error, u...', 'C:\\wamp64\\www\\e...', 105)
#1 [internal function]: ErrorHandler::handleError(4, 'syntax error, u...', 'C:\\wamp64\\www\\e...', 105, Array)
#2 C:\wamp64\www\eventos\Cake\2.7.7\lib\Cake\Core\App.php(933): call_user_func('ErrorHandler::h...', 4, 'syntax error, u...', 'C:\\wamp64\\www\\e...', 105, Array)
#3 C:\wamp64\www\eventos\Cake\2.7.7\lib\Cake\Core\App.php(906): App::_checkFatalError()
#4 [internal function]: App::shutdown()
#5 {main}
2017-11-14 12:27:50 Error: [MissingControllerException] Controller class 'imgController could not be found.
Exception Attributes: array (
  'class' => '\'imgController',
  'plugin' => NULL,
)
Request URL: /eventos/%20'img/publico/nodiza-favicon.png
Stack Trace:
#0 C:\wamp64\www\eventos\webroot\index.php(86): Dispatcher->dispatch(Object(CakeRequest), Object(CakeResponse))
#1 {main}
2017-11-14 12:27:50 Error: Fatal Error (4): syntax error, unexpected ';' in [C:\wamp64\www\eventos\Controller\AppController.php, line 105]
2017-11-14 12:27:50 Error: [FatalErrorException] syntax error, unexpected ';'
Request URL: /eventos/%20'img/publico/nodiza-favicon.png
Stack Trace:
#0 C:\wamp64\www\eventos\Cake\2.7.7\lib\Cake\Error\ErrorHandler.php(213): ErrorHandler::handleFatalError(4, 'syntax error, u...', 'C:\\wamp64\\www\\e...', 105)
#1 [internal function]: ErrorHandler::handleError(4, 'syntax error, u...', 'C:\\wamp64\\www\\e...', 105, Array)
#2 C:\wamp64\www\eventos\Cake\2.7.7\lib\Cake\Core\App.php(933): call_user_func('ErrorHandler::h...', 4, 'syntax error, u...', 'C:\\wamp64\\www\\e...', 105, Array)
#3 C:\wamp64\www\eventos\Cake\2.7.7\lib\Cake\Core\App.php(906): App::_checkFatalError()
#4 [internal function]: App::shutdown()
#5 {main}
2017-11-14 12:29:05 Error: Fatal Error (1): Call to undefined method EventosController::precio() in [C:\wamp64\www\eventos\Controller\EventosController.php, line 1158]
2017-11-14 12:29:05 Error: [FatalErrorException] Call to undefined method EventosController::precio()
Request URL: /eventos/eventos/ajax_get_products/10/0
Stack Trace:
#0 C:\wamp64\www\eventos\Cake\2.7.7\lib\Cake\Error\ErrorHandler.php(213): ErrorHandler::handleFatalError(1, 'Call to undefin...', 'C:\\wamp64\\www\\e...', 1158)
#1 [internal function]: ErrorHandler::handleError(1, 'Call to undefin...', 'C:\\wamp64\\www\\e...', 1158, Array)
#2 C:\wamp64\www\eventos\Cake\2.7.7\lib\Cake\Core\App.php(933): call_user_func('ErrorHandler::h...', 1, 'Call to undefin...', 'C:\\wamp64\\www\\e...', 1158, Array)
#3 C:\wamp64\www\eventos\Cake\2.7.7\lib\Cake\Core\App.php(906): App::_checkFatalError()
#4 [internal function]: App::shutdown()
#5 {main}
2017-11-14 12:31:16 Error: [MissingViewException] View file "ajax_productos.ctp" is missing.
Exception Attributes: array (
  'file' => 'ajax_productos.ctp',
)
Request URL: /eventos/eventos/ajax_get_products/10/0
Stack Trace:
#0 C:\wamp64\www\eventos\Cake\2.7.7\lib\Cake\View\View.php(470): View->_getViewFileName('/ajax_productos')
#1 C:\wamp64\www\eventos\Cake\2.7.7\lib\Cake\Controller\Controller.php(960): View->render('/ajax_productos', NULL)
#2 C:\wamp64\www\eventos\Controller\EventosController.php(1204): Controller->render('/ajax_productos')
#3 [internal function]: EventosController->ajax_get_products('10', '0')
#4 C:\wamp64\www\eventos\Cake\2.7.7\lib\Cake\Controller\Controller.php(490): ReflectionMethod->invokeArgs(Object(EventosController), Array)
#5 C:\wamp64\www\eventos\Cake\2.7.7\lib\Cake\Routing\Dispatcher.php(193): Controller->invokeAction(Object(CakeRequest))
#6 C:\wamp64\www\eventos\Cake\2.7.7\lib\Cake\Routing\Dispatcher.php(167): Dispatcher->_invoke(Object(EventosController), Object(CakeRequest))
#7 C:\wamp64\www\eventos\webroot\index.php(86): Dispatcher->dispatch(Object(CakeRequest), Object(CakeResponse))
#8 {main}
2017-11-14 12:53:41 Error: Fatal Error (4): syntax error, unexpected 'if' (T_IF) in [C:\wamp64\www\eventos\Controller\AppController.php, line 99]
2017-11-14 12:53:41 Error: [FatalErrorException] syntax error, unexpected 'if' (T_IF)
Request URL: /eventos/
Stack Trace:
#0 C:\wamp64\www\eventos\Cake\2.7.7\lib\Cake\Error\ErrorHandler.php(213): ErrorHandler::handleFatalError(4, 'syntax error, u...', 'C:\\wamp64\\www\\e...', 99)
#1 [internal function]: ErrorHandler::handleError(4, 'syntax error, u...', 'C:\\wamp64\\www\\e...', 99, Array)
#2 C:\wamp64\www\eventos\Cake\2.7.7\lib\Cake\Core\App.php(933): call_user_func('ErrorHandler::h...', 4, 'syntax error, u...', 'C:\\wamp64\\www\\e...', 99, Array)
#3 C:\wamp64\www\eventos\Cake\2.7.7\lib\Cake\Core\App.php(906): App::_checkFatalError()
#4 [internal function]: App::shutdown()
#5 {main}
2017-11-14 12:59:23 Error: [MissingViewException] View file "no_evento.ctp" is missing.
Exception Attributes: array (
  'file' => 'no_evento.ctp',
)
Request URL: /eventos/
Stack Trace:
#0 C:\wamp64\www\eventos\Cake\2.7.7\lib\Cake\View\View.php(470): View->_getViewFileName('/no_evento')
#1 C:\wamp64\www\eventos\Cake\2.7.7\lib\Cake\Controller\Controller.php(960): View->render('/no_evento', NULL)
#2 C:\wamp64\www\eventos\Controller\EventosController.php(624): Controller->render('/no_evento')
#3 [internal function]: EventosController->inactivo()
#4 C:\wamp64\www\eventos\Cake\2.7.7\lib\Cake\Controller\Controller.php(490): ReflectionMethod->invokeArgs(Object(EventosController), Array)
#5 C:\wamp64\www\eventos\Cake\2.7.7\lib\Cake\Routing\Dispatcher.php(193): Controller->invokeAction(Object(CakeRequest))
#6 C:\wamp64\www\eventos\Cake\2.7.7\lib\Cake\Routing\Dispatcher.php(167): Dispatcher->_invoke(Object(EventosController), Object(CakeRequest))
#7 C:\wamp64\www\eventos\webroot\index.php(86): Dispatcher->dispatch(Object(CakeRequest), Object(CakeResponse))
#8 {main}
2017-11-14 13:05:25 Error: Fatal Error (4): syntax error, unexpected ')' in [C:\wamp64\www\eventos\Controller\EventosController.php, line 628]
2017-11-14 13:05:25 Error: [FatalErrorException] syntax error, unexpected ')'
Request URL: /eventos/
Stack Trace:
#0 C:\wamp64\www\eventos\Cake\2.7.7\lib\Cake\Error\ErrorHandler.php(213): ErrorHandler::handleFatalError(4, 'syntax error, u...', 'C:\\wamp64\\www\\e...', 628)
#1 [internal function]: ErrorHandler::handleError(4, 'syntax error, u...', 'C:\\wamp64\\www\\e...', 628, Array)
#2 C:\wamp64\www\eventos\Cake\2.7.7\lib\Cake\Core\App.php(933): call_user_func('ErrorHandler::h...', 4, 'syntax error, u...', 'C:\\wamp64\\www\\e...', 628, Array)
#3 C:\wamp64\www\eventos\Cake\2.7.7\lib\Cake\Core\App.php(906): App::_checkFatalError()
#4 [internal function]: App::shutdown()
#5 {main}
2017-11-14 13:20:59 Error: Fatal Error (4): syntax error, unexpected ''f_inicio'' (T_CONSTANT_ENCAPSED_STRING), expecting ')' in [C:\wamp64\www\eventos\Controller\AppController.php, line 599]
2017-11-14 13:20:59 Error: [FatalErrorException] syntax error, unexpected ''f_inicio'' (T_CONSTANT_ENCAPSED_STRING), expecting ')'
Request URL: /eventos/admin/eventos/edit/6
Stack Trace:
#0 C:\wamp64\www\eventos\Cake\2.7.7\lib\Cake\Error\ErrorHandler.php(213): ErrorHandler::handleFatalError(4, 'syntax error, u...', 'C:\\wamp64\\www\\e...', 599)
#1 [internal function]: ErrorHandler::handleError(4, 'syntax error, u...', 'C:\\wamp64\\www\\e...', 599, Array)
#2 C:\wamp64\www\eventos\Cake\2.7.7\lib\Cake\Core\App.php(933): call_user_func('ErrorHandler::h...', 4, 'syntax error, u...', 'C:\\wamp64\\www\\e...', 599, Array)
#3 C:\wamp64\www\eventos\Cake\2.7.7\lib\Cake\Core\App.php(906): App::_checkFatalError()
#4 [internal function]: App::shutdown()
#5 {main}
2017-11-14 13:21:00 Error: [MissingControllerException] Controller class 'imgController could not be found.
Exception Attributes: array (
  'class' => '\'imgController',
  'plugin' => NULL,
)
Request URL: /eventos/%20'img/publico/nodiza-favicon.png
Stack Trace:
#0 C:\wamp64\www\eventos\webroot\index.php(86): Dispatcher->dispatch(Object(CakeRequest), Object(CakeResponse))
#1 {main}
2017-11-14 13:21:00 Error: Fatal Error (4): syntax error, unexpected ''f_inicio'' (T_CONSTANT_ENCAPSED_STRING), expecting ')' in [C:\wamp64\www\eventos\Controller\AppController.php, line 599]
2017-11-14 13:21:00 Error: [FatalErrorException] syntax error, unexpected ''f_inicio'' (T_CONSTANT_ENCAPSED_STRING), expecting ')'
Request URL: /eventos/%20'img/publico/nodiza-favicon.png
Stack Trace:
#0 C:\wamp64\www\eventos\Cake\2.7.7\lib\Cake\Error\ErrorHandler.php(213): ErrorHandler::handleFatalError(4, 'syntax error, u...', 'C:\\wamp64\\www\\e...', 599)
#1 [internal function]: ErrorHandler::handleError(4, 'syntax error, u...', 'C:\\wamp64\\www\\e...', 599, Array)
#2 C:\wamp64\www\eventos\Cake\2.7.7\lib\Cake\Core\App.php(933): call_user_func('ErrorHandler::h...', 4, 'syntax error, u...', 'C:\\wamp64\\www\\e...', 599, Array)
#3 C:\wamp64\www\eventos\Cake\2.7.7\lib\Cake\Core\App.php(906): App::_checkFatalError()
#4 [internal function]: App::shutdown()
#5 {main}
2017-11-14 13:24:22 Error: [MissingControllerException] Controller class ImgController could not be found.
Exception Attributes: array (
  'class' => 'ImgController',
  'plugin' => NULL,
)
Request URL: /eventos/img/Tienda/1/logo_min.png
Stack Trace:
#0 C:\wamp64\www\eventos\webroot\index.php(86): Dispatcher->dispatch(Object(CakeRequest), Object(CakeResponse))
#1 {main}
2017-11-14 13:24:22 Error: [MissingControllerException] Controller class ImgController could not be found.
Exception Attributes: array (
  'class' => 'ImgController',
  'plugin' => NULL,
)
Request URL: /eventos/img/Tienda/2/asistecar_1478097949.jpg
Stack Trace:
#0 C:\wamp64\www\eventos\webroot\index.php(86): Dispatcher->dispatch(Object(CakeRequest), Object(CakeResponse))
#1 {main}
2017-11-14 13:25:04 Error: [MissingControllerException] Controller class ImgController could not be found.
Exception Attributes: array (
  'class' => 'ImgController',
  'plugin' => NULL,
)
Request URL: /eventos/img/Tienda/1/logo_min.png
Stack Trace:
#0 C:\wamp64\www\eventos\webroot\index.php(86): Dispatcher->dispatch(Object(CakeRequest), Object(CakeResponse))
#1 {main}
2017-11-14 13:25:04 Error: [MissingControllerException] Controller class ImgController could not be found.
Exception Attributes: array (
  'class' => 'ImgController',
  'plugin' => NULL,
)
Request URL: /eventos/img/Tienda/2/asistecar_1478097949.jpg
Stack Trace:
#0 C:\wamp64\www\eventos\webroot\index.php(86): Dispatcher->dispatch(Object(CakeRequest), Object(CakeResponse))
#1 {main}
2017-11-14 13:40:32 Error: [MissingViewException] View file "ajax_productos.ctp" is missing.
Exception Attributes: array (
  'file' => 'ajax_productos.ctp',
)
Request URL: /eventos/eventos/ajax_get_products/10/0
Stack Trace:
#0 C:\wamp64\www\eventos\Cake\2.7.7\lib\Cake\View\View.php(470): View->_getViewFileName('/ajax_productos')
#1 C:\wamp64\www\eventos\Cake\2.7.7\lib\Cake\Controller\Controller.php(960): View->render('/ajax_productos', NULL)
#2 C:\wamp64\www\eventos\Controller\EventosController.php(1208): Controller->render('/ajax_productos')
#3 [internal function]: EventosController->ajax_get_products('10', '0')
#4 C:\wamp64\www\eventos\Cake\2.7.7\lib\Cake\Controller\Controller.php(490): ReflectionMethod->invokeArgs(Object(EventosController), Array)
#5 C:\wamp64\www\eventos\Cake\2.7.7\lib\Cake\Routing\Dispatcher.php(193): Controller->invokeAction(Object(CakeRequest))
#6 C:\wamp64\www\eventos\Cake\2.7.7\lib\Cake\Routing\Dispatcher.php(167): Dispatcher->_invoke(Object(EventosController), Object(CakeRequest))
#7 C:\wamp64\www\eventos\webroot\index.php(86): Dispatcher->dispatch(Object(CakeRequest), Object(CakeResponse))
#8 {main}
2017-11-14 13:46:41 Error: [PDOException] SQLSTATE[42000]: Syntax error or access violation: 1064 You have an error in your SQL syntax; check the manual that corresponds to your MySQL server version for the right syntax to use near 'getCategories' at line 1
Request URL: /eventos/eventos/ajax_get_products/10/0
Stack Trace:
#0 C:\wamp64\www\eventos\Cake\2.7.7\lib\Cake\Model\Datasource\DboSource.php(461): PDOStatement->execute(Array)
#1 C:\wamp64\www\eventos\Cake\2.7.7\lib\Cake\Model\Datasource\DboSource.php(427): DboSource->_execute('getCategories', Array)
#2 C:\wamp64\www\eventos\Cake\2.7.7\lib\Cake\Model\Datasource\DboSource.php(669): DboSource->execute('getCategories', Array, Array)
#3 C:\wamp64\www\eventos\Cake\2.7.7\lib\Cake\Model\Datasource\DboSource.php(612): DboSource->fetchAll('getCategories', Array, Array)
#4 C:\wamp64\www\eventos\Cake\2.7.7\lib\Cake\Model\Model.php(827): DboSource->query('getCategories', Array, Object(Evento))
#5 C:\wamp64\www\eventos\Controller\EventosController.php(987): Model->__call('getCategories', Array)
#6 C:\wamp64\www\eventos\Controller\EventosController.php(987): Evento->getCategories()
#7 [internal function]: EventosController->ajax_get_products('10', '0')
#8 C:\wamp64\www\eventos\Cake\2.7.7\lib\Cake\Controller\Controller.php(490): ReflectionMethod->invokeArgs(Object(EventosController), Array)
#9 C:\wamp64\www\eventos\Cake\2.7.7\lib\Cake\Routing\Dispatcher.php(193): Controller->invokeAction(Object(CakeRequest))
#10 C:\wamp64\www\eventos\Cake\2.7.7\lib\Cake\Routing\Dispatcher.php(167): Dispatcher->_invoke(Object(EventosController), Object(CakeRequest))
#11 C:\wamp64\www\eventos\webroot\index.php(86): Dispatcher->dispatch(Object(CakeRequest), Object(CakeResponse))
#12 {main}
2017-11-14 15:42:17 Error: [PrivateActionException] Private Action EventosController::admin_clear_cache() is not directly accessible.
Exception Attributes: array (
  'controller' => 'EventosController',
  'action' => 'admin_clear_cache',
)
Request URL: /eventos/eventos/admin_clear_cache
Stack Trace:
#0 C:\wamp64\www\eventos\Cake\2.7.7\lib\Cake\Routing\Dispatcher.php(193): Controller->invokeAction(Object(CakeRequest))
#1 C:\wamp64\www\eventos\Cake\2.7.7\lib\Cake\Routing\Dispatcher.php(167): Dispatcher->_invoke(Object(EventosController), Object(CakeRequest))
#2 C:\wamp64\www\eventos\webroot\index.php(86): Dispatcher->dispatch(Object(CakeRequest), Object(CakeResponse))
#3 {main}
2017-11-14 17:00:58 Error: Fatal Error (4): syntax error, unexpected ':' in [C:\wamp64\www\eventos\View\Layouts\cybermonday\default.ctp, line 98]
2017-11-14 17:00:58 Error: [FatalErrorException] syntax error, unexpected ':'
Request URL: /eventos/
Stack Trace:
#0 C:\wamp64\www\eventos\Cake\2.7.7\lib\Cake\Error\ErrorHandler.php(213): ErrorHandler::handleFatalError(4, 'syntax error, u...', 'C:\\wamp64\\www\\e...', 98)
#1 [internal function]: ErrorHandler::handleError(4, 'syntax error, u...', 'C:\\wamp64\\www\\e...', 98, Array)
#2 C:\wamp64\www\eventos\Cake\2.7.7\lib\Cake\Core\App.php(933): call_user_func('ErrorHandler::h...', 4, 'syntax error, u...', 'C:\\wamp64\\www\\e...', 98, Array)
#3 C:\wamp64\www\eventos\Cake\2.7.7\lib\Cake\Core\App.php(906): App::_checkFatalError()
#4 [internal function]: App::shutdown()
#5 {main}
2017-11-14 17:52:38 Error: [MissingDatasourceConfigException] The datasource configuration "" was not found in database.php
Exception Attributes: array (
  'config' => NULL,
)
Request URL: /eventos/product/skil-lijadora-orbital-1-3-200w-cod-7351-1435
Stack Trace:
#0 C:\wamp64\www\eventos\Cake\2.7.7\lib\Cake\Model\ConnectionManager.php(91): ConnectionManager::_getConnectionObject(NULL)
#1 C:\wamp64\www\eventos\Cake\2.7.7\lib\Cake\Model\Model.php(3626): ConnectionManager::getDataSource(NULL)
#2 C:\wamp64\www\eventos\Cake\2.7.7\lib\Cake\Model\Model.php(1155): Model->setDataSource(NULL)
#3 C:\wamp64\www\eventos\Cake\2.7.7\lib\Cake\Model\Model.php(3653): Model->setSource('product')
#4 C:\wamp64\www\eventos\Cake\2.7.7\lib\Cake\Model\Model.php(3031): Model->getDataSource()
#5 C:\wamp64\www\eventos\Cake\2.7.7\lib\Cake\Model\Model.php(3003): Model->_readDataSource('first', Array)
#6 C:\wamp64\www\eventos\Controller\EventosController.php(790): Model->find('first', Array)
#7 [internal function]: EventosController->product('skil-lijadora-o...')
#8 C:\wamp64\www\eventos\Cake\2.7.7\lib\Cake\Controller\Controller.php(490): ReflectionMethod->invokeArgs(Object(EventosController), Array)
#9 C:\wamp64\www\eventos\Cake\2.7.7\lib\Cake\Routing\Dispatcher.php(193): Controller->invokeAction(Object(CakeRequest))
#10 C:\wamp64\www\eventos\Cake\2.7.7\lib\Cake\Routing\Dispatcher.php(167): Dispatcher->_invoke(Object(EventosController), Object(CakeRequest))
#11 C:\wamp64\www\eventos\webroot\index.php(86): Dispatcher->dispatch(Object(CakeRequest), Object(CakeResponse))
#12 {main}
2017-11-14 18:09:34 Error: [MissingControllerException] Controller class ImgController could not be found.
Exception Attributes: array (
  'class' => 'ImgController',
  'plugin' => NULL,
)
Request URL: /eventos/img/EventosMarca/6/skil.jpg
Stack Trace:
#0 C:\wamp64\www\eventos\webroot\index.php(86): Dispatcher->dispatch(Object(CakeRequest), Object(CakeResponse))
#1 {main}
2017-11-14 18:10:29 Error: [MissingControllerException] Controller class ImgController could not be found.
Exception Attributes: array (
  'class' => 'ImgController',
  'plugin' => NULL,
)
Request URL: /eventos/img/EventosMarca/6/skil.jpg
Stack Trace:
#0 C:\wamp64\www\eventos\webroot\index.php(86): Dispatcher->dispatch(Object(CakeRequest), Object(CakeResponse))
#1 {main}
2017-11-14 18:12:13 Error: [MissingControllerException] Controller class ImgController could not be found.
Exception Attributes: array (
  'class' => 'ImgController',
  'plugin' => NULL,
)
Request URL: /eventos/img/EventosMarca/6/skil.jpg
Stack Trace:
#0 C:\wamp64\www\eventos\webroot\index.php(86): Dispatcher->dispatch(Object(CakeRequest), Object(CakeResponse))
#1 {main}
2017-11-14 18:12:41 Error: [MissingControllerException] Controller class ImgController could not be found.
Exception Attributes: array (
  'class' => 'ImgController',
  'plugin' => NULL,
)
Request URL: /eventos/img/EventosMarca/1/dremel.jpg
Stack Trace:
#0 C:\wamp64\www\eventos\webroot\index.php(86): Dispatcher->dispatch(Object(CakeRequest), Object(CakeResponse))
#1 {main}
2017-11-14 18:16:16 Error: Fatal Error (4): syntax error, unexpected '=', expecting ')' in [C:\wamp64\www\eventos\Controller\EventosController.php, line 799]
2017-11-14 18:16:16 Error: [FatalErrorException] syntax error, unexpected '=', expecting ')'
Request URL: /eventos/product/impresora-3d-dremel-3d40-4915
Stack Trace:
#0 C:\wamp64\www\eventos\Cake\2.7.7\lib\Cake\Error\ErrorHandler.php(213): ErrorHandler::handleFatalError(4, 'syntax error, u...', 'C:\\wamp64\\www\\e...', 799)
#1 [internal function]: ErrorHandler::handleError(4, 'syntax error, u...', 'C:\\wamp64\\www\\e...', 799, Array)
#2 C:\wamp64\www\eventos\Cake\2.7.7\lib\Cake\Core\App.php(933): call_user_func('ErrorHandler::h...', 4, 'syntax error, u...', 'C:\\wamp64\\www\\e...', 799, Array)
#3 C:\wamp64\www\eventos\Cake\2.7.7\lib\Cake\Core\App.php(906): App::_checkFatalError()
#4 [internal function]: App::shutdown()
#5 {main}
2017-11-14 18:16:25 Error: Fatal Error (4): syntax error, unexpected '=', expecting ')' in [C:\wamp64\www\eventos\Controller\EventosController.php, line 799]
2017-11-14 18:16:25 Error: [FatalErrorException] syntax error, unexpected '=', expecting ')'
Request URL: /eventos/product/impresora-3d-dremel-3d40-4915
Stack Trace:
#0 C:\wamp64\www\eventos\Cake\2.7.7\lib\Cake\Error\ErrorHandler.php(213): ErrorHandler::handleFatalError(4, 'syntax error, u...', 'C:\\wamp64\\www\\e...', 799)
#1 [internal function]: ErrorHandler::handleError(4, 'syntax error, u...', 'C:\\wamp64\\www\\e...', 799, Array)
#2 C:\wamp64\www\eventos\Cake\2.7.7\lib\Cake\Core\App.php(933): call_user_func('ErrorHandler::h...', 4, 'syntax error, u...', 'C:\\wamp64\\www\\e...', 799, Array)
#3 C:\wamp64\www\eventos\Cake\2.7.7\lib\Cake\Core\App.php(906): App::_checkFatalError()
#4 [internal function]: App::shutdown()
#5 {main}
2017-11-15 10:02:36 Error: [MissingControllerException] Controller class Favicon.icoController could not be found.
Exception Attributes: array (
  'class' => 'Favicon.icoController',
  'plugin' => NULL,
)
Request URL: /eventos/favicon.ico
Stack Trace:
#0 C:\wamp64\www\eventos\webroot\index.php(86): Dispatcher->dispatch(Object(CakeRequest), Object(CakeResponse))
#1 {main}
2017-11-15 10:49:13 Error: [MissingControllerException] Controller class Favicon.icoController could not be found.
Exception Attributes: array (
  'class' => 'Favicon.icoController',
  'plugin' => NULL,
)
Request URL: /eventos/favicon.ico
Stack Trace:
#0 C:\wamp64\www\eventos\webroot\index.php(86): Dispatcher->dispatch(Object(CakeRequest), Object(CakeResponse))
#1 {main}
2017-11-15 12:38:26 Error: [MissingControllerException] Controller class Favicon.icoController could not be found.
Exception Attributes: array (
  'class' => 'Favicon.icoController',
  'plugin' => NULL,
)
Request URL: /eventos/favicon.ico
Stack Trace:
#0 C:\wamp64\www\eventos\webroot\index.php(86): Dispatcher->dispatch(Object(CakeRequest), Object(CakeResponse))
#1 {main}
2017-11-15 13:08:21 Error: [PDOException] SQLSTATE[42S22]: Column not found: 1054 Unknown column 'MarcasFabricante.evento_marca_id' in 'on clause'
Request URL: /eventos/product/dremel-punta-diamantada-3-16-recta-cod-7123-1992
Stack Trace:
#0 C:\wamp64\www\eventos\Cake\2.7.7\lib\Cake\Model\Datasource\DboSource.php(461): PDOStatement->execute(Array)
#1 C:\wamp64\www\eventos\Cake\2.7.7\lib\Cake\Model\Datasource\DboSource.php(427): DboSource->_execute('SELECT `Eventos...', Array)
#2 C:\wamp64\www\eventos\Cake\2.7.7\lib\Cake\Model\Datasource\DboSource.php(669): DboSource->execute('SELECT `Eventos...', Array, Array)
#3 C:\wamp64\www\eventos\Cake\2.7.7\lib\Cake\Model\Datasource\DboSource.php(1118): DboSource->fetchAll('SELECT `Eventos...', false)
#4 C:\wamp64\www\eventos\Cake\2.7.7\lib\Cake\Model\Model.php(3031): DboSource->read(Object(EventosMarca), Array)
#5 C:\wamp64\www\eventos\Cake\2.7.7\lib\Cake\Model\Model.php(3003): Model->_readDataSource('first', Array)
#6 C:\wamp64\www\eventos\Controller\EventosController.php(820): Model->find('first', Array)
#7 [internal function]: EventosController->product('dremel-punta-di...')
#8 C:\wamp64\www\eventos\Cake\2.7.7\lib\Cake\Controller\Controller.php(490): ReflectionMethod->invokeArgs(Object(EventosController), Array)
#9 C:\wamp64\www\eventos\Cake\2.7.7\lib\Cake\Routing\Dispatcher.php(193): Controller->invokeAction(Object(CakeRequest))
#10 C:\wamp64\www\eventos\Cake\2.7.7\lib\Cake\Routing\Dispatcher.php(167): Dispatcher->_invoke(Object(EventosController), Object(CakeRequest))
#11 C:\wamp64\www\eventos\webroot\index.php(86): Dispatcher->dispatch(Object(CakeRequest), Object(CakeResponse))
#12 {main}
2017-11-15 13:09:40 Error: [PDOException] SQLSTATE[42S02]: Base table or view not found: 1146 Table 'eventos_dev.evento_marca_fabricantes' doesn't exist
Request URL: /eventos/product/dremel-punta-diamantada-3-16-recta-cod-7123-1992
Stack Trace:
#0 C:\wamp64\www\eventos\Cake\2.7.7\lib\Cake\Model\Datasource\DboSource.php(461): PDOStatement->execute(Array)
#1 C:\wamp64\www\eventos\Cake\2.7.7\lib\Cake\Model\Datasource\DboSource.php(427): DboSource->_execute('SELECT `Eventos...', Array)
#2 C:\wamp64\www\eventos\Cake\2.7.7\lib\Cake\Model\Datasource\DboSource.php(669): DboSource->execute('SELECT `Eventos...', Array, Array)
#3 C:\wamp64\www\eventos\Cake\2.7.7\lib\Cake\Model\Datasource\DboSource.php(1118): DboSource->fetchAll('SELECT `Eventos...', false)
#4 C:\wamp64\www\eventos\Cake\2.7.7\lib\Cake\Model\Model.php(3031): DboSource->read(Object(EventosMarca), Array)
#5 C:\wamp64\www\eventos\Cake\2.7.7\lib\Cake\Model\Model.php(3003): Model->_readDataSource('first', Array)
#6 C:\wamp64\www\eventos\Controller\EventosController.php(820): Model->find('first', Array)
#7 [internal function]: EventosController->product('dremel-punta-di...')
#8 C:\wamp64\www\eventos\Cake\2.7.7\lib\Cake\Controller\Controller.php(490): ReflectionMethod->invokeArgs(Object(EventosController), Array)
#9 C:\wamp64\www\eventos\Cake\2.7.7\lib\Cake\Routing\Dispatcher.php(193): Controller->invokeAction(Object(CakeRequest))
#10 C:\wamp64\www\eventos\Cake\2.7.7\lib\Cake\Routing\Dispatcher.php(167): Dispatcher->_invoke(Object(EventosController), Object(CakeRequest))
#11 C:\wamp64\www\eventos\webroot\index.php(86): Dispatcher->dispatch(Object(CakeRequest), Object(CakeResponse))
#12 {main}
2017-11-15 13:14:24 Error: [MissingControllerException] Controller class ImgController could not be found.
Exception Attributes: array (
  'class' => 'ImgController',
  'plugin' => NULL,
)
Request URL: /eventos/img/EventosMarca/7/Array
Stack Trace:
#0 C:\wamp64\www\eventos\webroot\index.php(86): Dispatcher->dispatch(Object(CakeRequest), Object(CakeResponse))
#1 {main}
2017-11-15 15:50:42 Error: Fatal Error (4): syntax error, unexpected ')', expecting ',' or ';' in [C:\wamp64\www\eventos\View\Elements\cybermonday\producto_lista.ctp, line 13]
2017-11-15 15:50:42 Error: [FatalErrorException] syntax error, unexpected ')', expecting ',' or ';'
Request URL: /eventos/eventos/ajax_get_products/10/0
Stack Trace:
#0 C:\wamp64\www\eventos\Cake\2.7.7\lib\Cake\Error\ErrorHandler.php(213): ErrorHandler::handleFatalError(4, 'syntax error, u...', 'C:\\wamp64\\www\\e...', 13)
#1 [internal function]: ErrorHandler::handleError(4, 'syntax error, u...', 'C:\\wamp64\\www\\e...', 13, Array)
#2 C:\wamp64\www\eventos\Cake\2.7.7\lib\Cake\Core\App.php(933): call_user_func('ErrorHandler::h...', 4, 'syntax error, u...', 'C:\\wamp64\\www\\e...', 13, Array)
#3 C:\wamp64\www\eventos\Cake\2.7.7\lib\Cake\Core\App.php(906): App::_checkFatalError()
#4 [internal function]: App::shutdown()
#5 {main}
2017-11-15 16:05:52 Error: [MissingDatasourceConfigException] The datasource configuration "" was not found in database.php
Exception Attributes: array (
  'config' => NULL,
)
Request URL: /eventos/categorias/view?c=puntas-phillips
Stack Trace:
#0 C:\wamp64\www\eventos\Cake\2.7.7\lib\Cake\Model\ConnectionManager.php(91): ConnectionManager::_getConnectionObject(NULL)
#1 C:\wamp64\www\eventos\Cake\2.7.7\lib\Cake\Model\Model.php(3626): ConnectionManager::getDataSource(NULL)
#2 C:\wamp64\www\eventos\Cake\2.7.7\lib\Cake\Model\Model.php(1155): Model->setDataSource(NULL)
#3 C:\wamp64\www\eventos\Cake\2.7.7\lib\Cake\Model\Model.php(3653): Model->setSource('product')
#4 C:\wamp64\www\eventos\Cake\2.7.7\lib\Cake\Model\Datasource\DboSource.php(1140): Model->getDataSource()
#5 C:\wamp64\www\eventos\Cake\2.7.7\lib\Cake\Model\Model.php(3031): DboSource->read(Object(Categoria), Array)
#6 C:\wamp64\www\eventos\Cake\2.7.7\lib\Cake\Model\Model.php(3003): Model->_readDataSource('first', Array)
#7 C:\wamp64\www\eventos\Controller\CategoriasController.php(142): Model->find('first', Array)
#8 [internal function]: CategoriasController->view()
#9 C:\wamp64\www\eventos\Cake\2.7.7\lib\Cake\Controller\Controller.php(490): ReflectionMethod->invokeArgs(Object(CategoriasController), Array)
#10 C:\wamp64\www\eventos\Cake\2.7.7\lib\Cake\Routing\Dispatcher.php(193): Controller->invokeAction(Object(CakeRequest))
#11 C:\wamp64\www\eventos\Cake\2.7.7\lib\Cake\Routing\Dispatcher.php(167): Dispatcher->_invoke(Object(CategoriasController), Object(CakeRequest))
#12 C:\wamp64\www\eventos\webroot\index.php(86): Dispatcher->dispatch(Object(CakeRequest), Object(CakeResponse))
#13 {main}
2017-11-15 16:08:28 Error: [MissingViewException] View file "view.ctp" is missing.
Exception Attributes: array (
  'file' => 'view.ctp',
)
Request URL: /eventos/categorias/view?c=puntas-phillips
Stack Trace:
#0 C:\wamp64\www\eventos\Cake\2.7.7\lib\Cake\View\View.php(470): View->_getViewFileName('/view')
#1 C:\wamp64\www\eventos\Cake\2.7.7\lib\Cake\Controller\Controller.php(960): View->render('/view', NULL)
#2 C:\wamp64\www\eventos\Controller\CategoriasController.php(157): Controller->render('/view')
#3 [internal function]: CategoriasController->view()
#4 C:\wamp64\www\eventos\Cake\2.7.7\lib\Cake\Controller\Controller.php(490): ReflectionMethod->invokeArgs(Object(CategoriasController), Array)
#5 C:\wamp64\www\eventos\Cake\2.7.7\lib\Cake\Routing\Dispatcher.php(193): Controller->invokeAction(Object(CakeRequest))
#6 C:\wamp64\www\eventos\Cake\2.7.7\lib\Cake\Routing\Dispatcher.php(167): Dispatcher->_invoke(Object(CategoriasController), Object(CakeRequest))
#7 C:\wamp64\www\eventos\webroot\index.php(86): Dispatcher->dispatch(Object(CakeRequest), Object(CakeResponse))
#8 {main}
2017-11-15 16:43:51 Error: [PDOException] SQLSTATE[42000]: Syntax error or access violation: 1064 You have an error in your SQL syntax; check the manual that corresponds to your MySQL server version for the right syntax to use near 'precio_bruto' at line 1
Request URL: /eventos/eventos/obtener_productos/LW1401
Stack Trace:
#0 C:\wamp64\www\eventos\Cake\2.7.7\lib\Cake\Model\Datasource\DboSource.php(461): PDOStatement->execute(Array)
#1 C:\wamp64\www\eventos\Cake\2.7.7\lib\Cake\Model\Datasource\DboSource.php(427): DboSource->_execute('precio_bruto', Array)
#2 C:\wamp64\www\eventos\Cake\2.7.7\lib\Cake\Model\Datasource\DboSource.php(669): DboSource->execute('precio_bruto', Array, Array)
#3 C:\wamp64\www\eventos\Cake\2.7.7\lib\Cake\Model\Datasource\DboSource.php(612): DboSource->fetchAll('precio_bruto', Array, Array)
#4 C:\wamp64\www\eventos\Cake\2.7.7\lib\Cake\Model\Model.php(827): DboSource->query('precio_bruto', Array, Object(Evento))
#5 C:\wamp64\www\eventos\Controller\EventosController.php(587): Model->__call('precio_bruto', Array)
#6 C:\wamp64\www\eventos\Controller\EventosController.php(587): Evento->precio_bruto('175201.680672', '19.000')
#7 [internal function]: EventosController->obtener_productos('LW1401')
#8 C:\wamp64\www\eventos\Cake\2.7.7\lib\Cake\Controller\Controller.php(490): ReflectionMethod->invokeArgs(Object(EventosController), Array)
#9 C:\wamp64\www\eventos\Cake\2.7.7\lib\Cake\Routing\Dispatcher.php(193): Controller->invokeAction(Object(CakeRequest))
#10 C:\wamp64\www\eventos\Cake\2.7.7\lib\Cake\Routing\Dispatcher.php(167): Dispatcher->_invoke(Object(EventosController), Object(CakeRequest))
#11 C:\wamp64\www\eventos\webroot\index.php(86): Dispatcher->dispatch(Object(CakeRequest), Object(CakeResponse))
#12 {main}
2017-11-15 16:44:04 Error: [PDOException] SQLSTATE[42000]: Syntax error or access violation: 1064 You have an error in your SQL syntax; check the manual that corresponds to your MySQL server version for the right syntax to use near 'precio_bruto' at line 1
Request URL: /eventos/eventos/obtener_productos/LW140
Stack Trace:
#0 C:\wamp64\www\eventos\Cake\2.7.7\lib\Cake\Model\Datasource\DboSource.php(461): PDOStatement->execute(Array)
#1 C:\wamp64\www\eventos\Cake\2.7.7\lib\Cake\Model\Datasource\DboSource.php(427): DboSource->_execute('precio_bruto', Array)
#2 C:\wamp64\www\eventos\Cake\2.7.7\lib\Cake\Model\Datasource\DboSource.php(669): DboSource->execute('precio_bruto', Array, Array)
#3 C:\wamp64\www\eventos\Cake\2.7.7\lib\Cake\Model\Datasource\DboSource.php(612): DboSource->fetchAll('precio_bruto', Array, Array)
#4 C:\wamp64\www\eventos\Cake\2.7.7\lib\Cake\Model\Model.php(827): DboSource->query('precio_bruto', Array, Object(Evento))
#5 C:\wamp64\www\eventos\Controller\EventosController.php(587): Model->__call('precio_bruto', Array)
#6 C:\wamp64\www\eventos\Controller\EventosController.php(587): Evento->precio_bruto('175201.680672', '19.000')
#7 [internal function]: EventosController->obtener_productos('LW140')
#8 C:\wamp64\www\eventos\Cake\2.7.7\lib\Cake\Controller\Controller.php(490): ReflectionMethod->invokeArgs(Object(EventosController), Array)
#9 C:\wamp64\www\eventos\Cake\2.7.7\lib\Cake\Routing\Dispatcher.php(193): Controller->invokeAction(Object(CakeRequest))
#10 C:\wamp64\www\eventos\Cake\2.7.7\lib\Cake\Routing\Dispatcher.php(167): Dispatcher->_invoke(Object(EventosController), Object(CakeRequest))
#11 C:\wamp64\www\eventos\webroot\index.php(86): Dispatcher->dispatch(Object(CakeRequest), Object(CakeResponse))
#12 {main}
2017-11-15 16:44:08 Error: [PDOException] SQLSTATE[42000]: Syntax error or access violation: 1064 You have an error in your SQL syntax; check the manual that corresponds to your MySQL server version for the right syntax to use near 'precio_bruto' at line 1
Request URL: /eventos/eventos/obtener_productos/LW1401
Stack Trace:
#0 C:\wamp64\www\eventos\Cake\2.7.7\lib\Cake\Model\Datasource\DboSource.php(461): PDOStatement->execute(Array)
#1 C:\wamp64\www\eventos\Cake\2.7.7\lib\Cake\Model\Datasource\DboSource.php(427): DboSource->_execute('precio_bruto', Array)
#2 C:\wamp64\www\eventos\Cake\2.7.7\lib\Cake\Model\Datasource\DboSource.php(669): DboSource->execute('precio_bruto', Array, Array)
#3 C:\wamp64\www\eventos\Cake\2.7.7\lib\Cake\Model\Datasource\DboSource.php(612): DboSource->fetchAll('precio_bruto', Array, Array)
#4 C:\wamp64\www\eventos\Cake\2.7.7\lib\Cake\Model\Model.php(827): DboSource->query('precio_bruto', Array, Object(Evento))
#5 C:\wamp64\www\eventos\Controller\EventosController.php(587): Model->__call('precio_bruto', Array)
#6 C:\wamp64\www\eventos\Controller\EventosController.php(587): Evento->precio_bruto('175201.680672', '19.000')
#7 [internal function]: EventosController->obtener_productos('LW1401')
#8 C:\wamp64\www\eventos\Cake\2.7.7\lib\Cake\Controller\Controller.php(490): ReflectionMethod->invokeArgs(Object(EventosController), Array)
#9 C:\wamp64\www\eventos\Cake\2.7.7\lib\Cake\Routing\Dispatcher.php(193): Controller->invokeAction(Object(CakeRequest))
#10 C:\wamp64\www\eventos\Cake\2.7.7\lib\Cake\Routing\Dispatcher.php(167): Dispatcher->_invoke(Object(EventosController), Object(CakeRequest))
#11 C:\wamp64\www\eventos\webroot\index.php(86): Dispatcher->dispatch(Object(CakeRequest), Object(CakeResponse))
#12 {main}
2017-11-15 16:44:54 Error: [PDOException] SQLSTATE[42000]: Syntax error or access violation: 1064 You have an error in your SQL syntax; check the manual that corresponds to your MySQL server version for the right syntax to use near 'precio_bruto' at line 1
Request URL: /eventos/eventos/obtener_productos/LW1401
Stack Trace:
#0 C:\wamp64\www\eventos\Cake\2.7.7\lib\Cake\Model\Datasource\DboSource.php(461): PDOStatement->execute(Array)
#1 C:\wamp64\www\eventos\Cake\2.7.7\lib\Cake\Model\Datasource\DboSource.php(427): DboSource->_execute('precio_bruto', Array)
#2 C:\wamp64\www\eventos\Cake\2.7.7\lib\Cake\Model\Datasource\DboSource.php(669): DboSource->execute('precio_bruto', Array, Array)
#3 C:\wamp64\www\eventos\Cake\2.7.7\lib\Cake\Model\Datasource\DboSource.php(612): DboSource->fetchAll('precio_bruto', Array, Array)
#4 C:\wamp64\www\eventos\Cake\2.7.7\lib\Cake\Model\Model.php(827): DboSource->query('precio_bruto', Array, Object(Evento))
#5 C:\wamp64\www\eventos\Controller\EventosController.php(587): Model->__call('precio_bruto', Array)
#6 C:\wamp64\www\eventos\Controller\EventosController.php(587): Evento->precio_bruto('175201.680672', '19.000')
#7 [internal function]: EventosController->obtener_productos('LW1401')
#8 C:\wamp64\www\eventos\Cake\2.7.7\lib\Cake\Controller\Controller.php(490): ReflectionMethod->invokeArgs(Object(EventosController), Array)
#9 C:\wamp64\www\eventos\Cake\2.7.7\lib\Cake\Routing\Dispatcher.php(193): Controller->invokeAction(Object(CakeRequest))
#10 C:\wamp64\www\eventos\Cake\2.7.7\lib\Cake\Routing\Dispatcher.php(167): Dispatcher->_invoke(Object(EventosController), Object(CakeRequest))
#11 C:\wamp64\www\eventos\webroot\index.php(86): Dispatcher->dispatch(Object(CakeRequest), Object(CakeResponse))
#12 {main}
2017-11-15 17:01:10 Error: [MissingConnectionException] Database connection "Mysql" is missing, or could not be created.
Exception Attributes: array (
  'class' => 'Mysql',
  'message' => 'SQLSTATE[HY000] [2002] Se produjo un error durante el intento de conexin ya que la parte conectada no respondi adecuadamente tras un periodo de tiempo, o bien se produjo un error en la conexin establecida ya que el host conectado no ha podido responder.
',
  'enabled' => true,
)
Request URL: /eventos/admin/eventos/steps/6/2
Stack Trace:
#0 C:\wamp64\www\eventos\Cake\2.7.7\lib\Cake\Model\Datasource\DboSource.php(260): Mysql->connect()
#1 C:\wamp64\www\eventos\Cake\2.7.7\lib\Cake\Model\ConnectionManager.php(105): DboSource->__construct(Array)
#2 C:\wamp64\www\eventos\Cake\2.7.7\lib\Cake\Model\Model.php(3626): ConnectionManager::getDataSource('default')
#3 C:\wamp64\www\eventos\Cake\2.7.7\lib\Cake\Model\Model.php(1155): Model->setDataSource('default')
#4 C:\wamp64\www\eventos\Cake\2.7.7\lib\Cake\Model\Model.php(3653): Model->setSource('eventos')
#5 C:\wamp64\www\eventos\Cake\2.7.7\lib\Cake\Model\Model.php(3151): Model->getDataSource()
#6 C:\wamp64\www\eventos\Cake\2.7.7\lib\Cake\Model\Model.php(3064): Model->_findCount('before', Array)
#7 C:\wamp64\www\eventos\Cake\2.7.7\lib\Cake\Model\Model.php(2998): Model->buildQuery('count', Array)
#8 C:\wamp64\www\eventos\Cake\2.7.7\lib\Cake\Model\Model.php(2913): Model->find('count', Array)
#9 C:\wamp64\www\eventos\Controller\EventosController.php(67): Model->exists('6')
#10 [internal function]: EventosController->admin_steps('6', '2')
#11 C:\wamp64\www\eventos\Cake\2.7.7\lib\Cake\Controller\Controller.php(490): ReflectionMethod->invokeArgs(Object(EventosController), Array)
#12 C:\wamp64\www\eventos\Cake\2.7.7\lib\Cake\Routing\Dispatcher.php(193): Controller->invokeAction(Object(CakeRequest))
#13 C:\wamp64\www\eventos\Cake\2.7.7\lib\Cake\Routing\Dispatcher.php(167): Dispatcher->_invoke(Object(EventosController), Object(CakeRequest))
#14 C:\wamp64\www\eventos\webroot\index.php(86): Dispatcher->dispatch(Object(CakeRequest), Object(CakeResponse))
#15 {main}
2017-11-15 18:02:51 Error: [MissingControllerException] Controller class ImgController could not be found.
Exception Attributes: array (
  'class' => 'ImgController',
  'plugin' => NULL,
)
Request URL: /eventos/img/Tienda/1/logo_min.png
Stack Trace:
#0 C:\wamp64\www\eventos\webroot\index.php(86): Dispatcher->dispatch(Object(CakeRequest), Object(CakeResponse))
#1 {main}
2017-11-15 18:02:51 Error: [MissingControllerException] Controller class ImgController could not be found.
Exception Attributes: array (
  'class' => 'ImgController',
  'plugin' => NULL,
)
Request URL: /eventos/img/Tienda/2/asistecar_1478097949.jpg
Stack Trace:
#0 C:\wamp64\www\eventos\webroot\index.php(86): Dispatcher->dispatch(Object(CakeRequest), Object(CakeResponse))
#1 {main}
2017-11-15 18:02:52 Error: [MissingControllerException] Controller class 'imgController could not be found.
Exception Attributes: array (
  'class' => '\'imgController',
  'plugin' => NULL,
)
Request URL: /eventos/%20'img/publico/nodiza-favicon.png
Stack Trace:
#0 C:\wamp64\www\eventos\webroot\index.php(86): Dispatcher->dispatch(Object(CakeRequest), Object(CakeResponse))
#1 {main}
2017-11-16 09:34:22 Error: [MissingControllerException] Controller class AsdasdController could not be found.
Exception Attributes: array (
  'class' => 'AsdasdController',
  'plugin' => NULL,
)
Request URL: /eventos/asdasd
Stack Trace:
#0 C:\wamp64\www\eventos\webroot\index.php(86): Dispatcher->dispatch(Object(CakeRequest), Object(CakeResponse))
#1 {main}
2017-11-16 09:34:42 Error: [MissingControllerException] Controller class AdaddddController could not be found.
Exception Attributes: array (
  'class' => 'AdaddddController',
  'plugin' => NULL,
)
Request URL: /eventos/adadddd
Stack Trace:
#0 C:\wamp64\www\eventos\webroot\index.php(86): Dispatcher->dispatch(Object(CakeRequest), Object(CakeResponse))
#1 {main}
2017-11-16 09:35:15 Error: [MissingControllerException] Controller class AdaddddController could not be found.
Exception Attributes: array (
  'class' => 'AdaddddController',
  'plugin' => NULL,
)
Request URL: /eventos/adadddd
Stack Trace:
#0 C:\wamp64\www\eventos\webroot\index.php(86): Dispatcher->dispatch(Object(CakeRequest), Object(CakeResponse))
#1 {main}
2017-11-16 09:35:33 Error: [MissingControllerException] Controller class AdaddddController could not be found.
Exception Attributes: array (
  'class' => 'AdaddddController',
  'plugin' => NULL,
)
Request URL: /eventos/adadddd
Stack Trace:
#0 C:\wamp64\www\eventos\webroot\index.php(86): Dispatcher->dispatch(Object(CakeRequest), Object(CakeResponse))
#1 {main}
2017-11-16 10:46:48 Error: [MissingControllerException] Controller class AdaddddController could not be found.
Exception Attributes: array (
  'class' => 'AdaddddController',
  'plugin' => NULL,
)
Request URL: /eventos/adadddd
Stack Trace:
#0 C:\wamp64\www\eventos\webroot\index.php(86): Dispatcher->dispatch(Object(CakeRequest), Object(CakeResponse))
#1 {main}
2017-11-16 10:47:05 Error: [MissingControllerException] Controller class Favicon.icoController could not be found.
Exception Attributes: array (
  'class' => 'Favicon.icoController',
  'plugin' => NULL,
)
Request URL: /eventos/favicon.ico
Stack Trace:
#0 C:\wamp64\www\eventos\webroot\index.php(86): Dispatcher->dispatch(Object(CakeRequest), Object(CakeResponse))
#1 {main}
2017-11-16 10:47:06 Error: Fatal Error (4): syntax error, unexpected ''Pagina.activo'' (T_CONSTANT_ENCAPSED_STRING), expecting ')' in [C:\wamp64\www\eventos\Model\Pagina.php, line 91]
2017-11-16 10:47:06 Error: [FatalErrorException] syntax error, unexpected ''Pagina.activo'' (T_CONSTANT_ENCAPSED_STRING), expecting ')'
Request URL: /eventos/adadddd
Stack Trace:
#0 C:\wamp64\www\eventos\Cake\2.7.7\lib\Cake\Error\ErrorHandler.php(213): ErrorHandler::handleFatalError(4, 'syntax error, u...', 'C:\\wamp64\\www\\e...', 91)
#1 [internal function]: ErrorHandler::handleError(4, 'syntax error, u...', 'C:\\wamp64\\www\\e...', 91, Array)
#2 C:\wamp64\www\eventos\Cake\2.7.7\lib\Cake\Core\App.php(933): call_user_func('ErrorHandler::h...', 4, 'syntax error, u...', 'C:\\wamp64\\www\\e...', 91, Array)
#3 C:\wamp64\www\eventos\Cake\2.7.7\lib\Cake\Core\App.php(906): App::_checkFatalError()
#4 [internal function]: App::shutdown()
#5 {main}
2017-11-16 10:50:03 Error: [MissingControllerException] Controller class AdaddddController could not be found.
Exception Attributes: array (
  'class' => 'AdaddddController',
  'plugin' => NULL,
)
Request URL: /eventos/adadddd
Stack Trace:
#0 C:\wamp64\www\eventos\webroot\index.php(86): Dispatcher->dispatch(Object(CakeRequest), Object(CakeResponse))
#1 {main}
2017-11-16 10:50:06 Error: Fatal Error (4): syntax error, unexpected ''Pagina.activo'' (T_CONSTANT_ENCAPSED_STRING), expecting ')' in [C:\wamp64\www\eventos\Model\Pagina.php, line 91]
2017-11-16 10:50:06 Error: [FatalErrorException] syntax error, unexpected ''Pagina.activo'' (T_CONSTANT_ENCAPSED_STRING), expecting ')'
Request URL: /eventos/adadddd
Stack Trace:
#0 C:\wamp64\www\eventos\Cake\2.7.7\lib\Cake\Error\ErrorHandler.php(213): ErrorHandler::handleFatalError(4, 'syntax error, u...', 'C:\\wamp64\\www\\e...', 91)
#1 [internal function]: ErrorHandler::handleError(4, 'syntax error, u...', 'C:\\wamp64\\www\\e...', 91, Array)
#2 C:\wamp64\www\eventos\Cake\2.7.7\lib\Cake\Core\App.php(933): call_user_func('ErrorHandler::h...', 4, 'syntax error, u...', 'C:\\wamp64\\www\\e...', 91, Array)
#3 C:\wamp64\www\eventos\Cake\2.7.7\lib\Cake\Core\App.php(906): App::_checkFatalError()
#4 [internal function]: App::shutdown()
#5 {main}
2017-11-16 10:51:49 Error: [MissingControllerException] Controller class AdaddddController could not be found.
Exception Attributes: array (
  'class' => 'AdaddddController',
  'plugin' => NULL,
)
Request URL: /eventos/adadddd
Stack Trace:
#0 C:\wamp64\www\eventos\webroot\index.php(86): Dispatcher->dispatch(Object(CakeRequest), Object(CakeResponse))
#1 {main}
2017-11-16 10:51:51 Error: Fatal Error (4): syntax error, unexpected ''Pagina.activo'' (T_CONSTANT_ENCAPSED_STRING), expecting ')' in [C:\wamp64\www\eventos\Model\Pagina.php, line 91]
2017-11-16 10:51:51 Error: [FatalErrorException] syntax error, unexpected ''Pagina.activo'' (T_CONSTANT_ENCAPSED_STRING), expecting ')'
Request URL: /eventos/adadddd
Stack Trace:
#0 C:\wamp64\www\eventos\Cake\2.7.7\lib\Cake\Error\ErrorHandler.php(213): ErrorHandler::handleFatalError(4, 'syntax error, u...', 'C:\\wamp64\\www\\e...', 91)
#1 [internal function]: ErrorHandler::handleError(4, 'syntax error, u...', 'C:\\wamp64\\www\\e...', 91, Array)
#2 C:\wamp64\www\eventos\Cake\2.7.7\lib\Cake\Core\App.php(933): call_user_func('ErrorHandler::h...', 4, 'syntax error, u...', 'C:\\wamp64\\www\\e...', 91, Array)
#3 C:\wamp64\www\eventos\Cake\2.7.7\lib\Cake\Core\App.php(906): App::_checkFatalError()
#4 [internal function]: App::shutdown()
#5 {main}
2017-11-16 10:52:27 Error: [MissingControllerException] Controller class AdaddddController could not be found.
Exception Attributes: array (
  'class' => 'AdaddddController',
  'plugin' => NULL,
)
Request URL: /eventos/adadddd
Stack Trace:
#0 C:\wamp64\www\eventos\webroot\index.php(86): Dispatcher->dispatch(Object(CakeRequest), Object(CakeResponse))
#1 {main}
2017-11-16 10:52:29 Error: Fatal Error (4): syntax error, unexpected ';', expecting ')' in [C:\wamp64\www\eventos\Model\Pagina.php, line 121]
2017-11-16 10:52:29 Error: [FatalErrorException] syntax error, unexpected ';', expecting ')'
Request URL: /eventos/adadddd
Stack Trace:
#0 C:\wamp64\www\eventos\Cake\2.7.7\lib\Cake\Error\ErrorHandler.php(213): ErrorHandler::handleFatalError(4, 'syntax error, u...', 'C:\\wamp64\\www\\e...', 121)
#1 [internal function]: ErrorHandler::handleError(4, 'syntax error, u...', 'C:\\wamp64\\www\\e...', 121, Array)
#2 C:\wamp64\www\eventos\Cake\2.7.7\lib\Cake\Core\App.php(933): call_user_func('ErrorHandler::h...', 4, 'syntax error, u...', 'C:\\wamp64\\www\\e...', 121, Array)
#3 C:\wamp64\www\eventos\Cake\2.7.7\lib\Cake\Core\App.php(906): App::_checkFatalError()
#4 [internal function]: App::shutdown()
#5 {main}
2017-11-16 10:53:14 Error: [MissingControllerException] Controller class AdaddddController could not be found.
Exception Attributes: array (
  'class' => 'AdaddddController',
  'plugin' => NULL,
)
Request URL: /eventos/adadddd
Stack Trace:
#0 C:\wamp64\www\eventos\webroot\index.php(86): Dispatcher->dispatch(Object(CakeRequest), Object(CakeResponse))
#1 {main}
2017-11-16 11:07:49 Error: Fatal Error (4): syntax error, unexpected ';', expecting ':' in [C:\wamp64\www\eventos\View\Paginas\admin_index.ctp, line 41]
2017-11-16 11:07:49 Error: [FatalErrorException] syntax error, unexpected ';', expecting ':'
Request URL: /eventos/admin/paginas
Stack Trace:
#0 C:\wamp64\www\eventos\Cake\2.7.7\lib\Cake\Error\ErrorHandler.php(213): ErrorHandler::handleFatalError(4, 'syntax error, u...', 'C:\\wamp64\\www\\e...', 41)
#1 [internal function]: ErrorHandler::handleError(4, 'syntax error, u...', 'C:\\wamp64\\www\\e...', 41, Array)
#2 C:\wamp64\www\eventos\Cake\2.7.7\lib\Cake\Core\App.php(933): call_user_func('ErrorHandler::h...', 4, 'syntax error, u...', 'C:\\wamp64\\www\\e...', 41, Array)
#3 C:\wamp64\www\eventos\Cake\2.7.7\lib\Cake\Core\App.php(906): App::_checkFatalError()
#4 [internal function]: App::shutdown()
#5 {main}
2017-11-16 11:09:57 Error: [PDOException] SQLSTATE[42S22]: Column not found: 1054 Unknown column 'Array' in 'field list'
Request URL: /eventos/admin/paginas/add
Stack Trace:
#0 C:\wamp64\www\eventos\Cake\2.7.7\lib\Cake\Model\Datasource\DboSource.php(461): PDOStatement->execute(Array)
#1 C:\wamp64\www\eventos\Cake\2.7.7\lib\Cake\Model\Datasource\DboSource.php(427): DboSource->_execute('INSERT INTO `ev...', Array)
#2 C:\wamp64\www\eventos\Cake\2.7.7\lib\Cake\Model\Datasource\DboSource.php(1024): DboSource->execute('INSERT INTO `ev...')
#3 C:\wamp64\www\eventos\Cake\2.7.7\lib\Cake\Model\Model.php(1933): DboSource->create(Object(Pagina), Array, Array)
#4 C:\wamp64\www\eventos\Cake\2.7.7\lib\Cake\Model\Model.php(1751): Model->_doSave(Array, Array)
#5 C:\wamp64\www\eventos\Controller\PaginasController.php(19): Model->save(Array)
#6 [internal function]: PaginasController->admin_add()
#7 C:\wamp64\www\eventos\Cake\2.7.7\lib\Cake\Controller\Controller.php(490): ReflectionMethod->invokeArgs(Object(PaginasController), Array)
#8 C:\wamp64\www\eventos\Cake\2.7.7\lib\Cake\Routing\Dispatcher.php(193): Controller->invokeAction(Object(CakeRequest))
#9 C:\wamp64\www\eventos\Cake\2.7.7\lib\Cake\Routing\Dispatcher.php(167): Dispatcher->_invoke(Object(PaginasController), Object(CakeRequest))
#10 C:\wamp64\www\eventos\webroot\index.php(86): Dispatcher->dispatch(Object(CakeRequest), Object(CakeResponse))
#11 {main}
2017-11-16 11:11:17 Error: [MissingControllerException] Controller class AdaddddController could not be found.
Exception Attributes: array (
  'class' => 'AdaddddController',
  'plugin' => NULL,
)
Request URL: /eventos/adadddd
Stack Trace:
#0 C:\wamp64\www\eventos\webroot\index.php(86): Dispatcher->dispatch(Object(CakeRequest), Object(CakeResponse))
#1 {main}
2017-11-16 11:15:11 Error: [MissingControllerException] Controller class AdaddddController could not be found.
Exception Attributes: array (
  'class' => 'AdaddddController',
  'plugin' => NULL,
)
Request URL: /eventos/adadddd
Stack Trace:
#0 C:\wamp64\www\eventos\webroot\index.php(86): Dispatcher->dispatch(Object(CakeRequest), Object(CakeResponse))
#1 {main}
2017-11-16 11:15:21 Error: [MissingControllerException] Controller class AdaddddController could not be found.
Exception Attributes: array (
  'class' => 'AdaddddController',
  'plugin' => NULL,
)
Request URL: /eventos/adadddd
Stack Trace:
#0 C:\wamp64\www\eventos\webroot\index.php(86): Dispatcher->dispatch(Object(CakeRequest), Object(CakeResponse))
#1 {main}
2017-11-16 11:15:40 Error: [MissingControllerException] Controller class AdaddddController could not be found.
Exception Attributes: array (
  'class' => 'AdaddddController',
  'plugin' => NULL,
)
Request URL: /eventos/adadddd
Stack Trace:
#0 C:\wamp64\www\eventos\webroot\index.php(86): Dispatcher->dispatch(Object(CakeRequest), Object(CakeResponse))
#1 {main}
2017-11-16 11:17:05 Error: Fatal Error (4): syntax error, unexpected ';' in [C:\wamp64\www\eventos\Config\routes.php, line 4]
2017-11-16 11:17:05 Error: [FatalErrorException] syntax error, unexpected ';'
Request URL: /eventos/adadddd
Stack Trace:
#0 C:\wamp64\www\eventos\Cake\2.7.7\lib\Cake\Error\ErrorHandler.php(213): ErrorHandler::handleFatalError(4, 'syntax error, u...', 'C:\\wamp64\\www\\e...', 4)
#1 [internal function]: ErrorHandler::handleError(4, 'syntax error, u...', 'C:\\wamp64\\www\\e...', 4, Array)
#2 C:\wamp64\www\eventos\Cake\2.7.7\lib\Cake\Core\App.php(933): call_user_func('ErrorHandler::h...', 4, 'syntax error, u...', 'C:\\wamp64\\www\\e...', 4, Array)
#3 C:\wamp64\www\eventos\Cake\2.7.7\lib\Cake\Core\App.php(906): App::_checkFatalError()
#4 [internal function]: App::shutdown()
#5 {main}
2017-11-16 11:17:26 Error: [MissingActionException] Action EventosController::pagina() could not be found.
Exception Attributes: array (
  'controller' => 'EventosController',
  'action' => 'pagina',
)
Request URL: /eventos/adadddd
Stack Trace:
#0 C:\wamp64\www\eventos\Cake\2.7.7\lib\Cake\Routing\Dispatcher.php(193): Controller->invokeAction(Object(CakeRequest))
#1 C:\wamp64\www\eventos\Cake\2.7.7\lib\Cake\Routing\Dispatcher.php(167): Dispatcher->_invoke(Object(EventosController), Object(CakeRequest))
#2 C:\wamp64\www\eventos\webroot\index.php(86): Dispatcher->dispatch(Object(CakeRequest), Object(CakeResponse))
#3 {main}
2017-11-16 11:18:18 Error: [MissingActionException] Action EventosController::pagina() could not be found.
Exception Attributes: array (
  'controller' => 'EventosController',
  'action' => 'pagina',
)
Request URL: /eventos/adadddd
Stack Trace:
#0 C:\wamp64\www\eventos\Cake\2.7.7\lib\Cake\Routing\Dispatcher.php(193): Controller->invokeAction(Object(CakeRequest))
#1 C:\wamp64\www\eventos\Cake\2.7.7\lib\Cake\Routing\Dispatcher.php(167): Dispatcher->_invoke(Object(EventosController), Object(CakeRequest))
#2 C:\wamp64\www\eventos\webroot\index.php(86): Dispatcher->dispatch(Object(CakeRequest), Object(CakeResponse))
#3 {main}
2017-11-16 11:18:22 Error: [MissingActionException] Action EventosController::pagina() could not be found.
Exception Attributes: array (
  'controller' => 'EventosController',
  'action' => 'pagina',
)
Request URL: /eventos/asdasd
Stack Trace:
#0 C:\wamp64\www\eventos\Cake\2.7.7\lib\Cake\Routing\Dispatcher.php(193): Controller->invokeAction(Object(CakeRequest))
#1 C:\wamp64\www\eventos\Cake\2.7.7\lib\Cake\Routing\Dispatcher.php(167): Dispatcher->_invoke(Object(EventosController), Object(CakeRequest))
#2 C:\wamp64\www\eventos\webroot\index.php(86): Dispatcher->dispatch(Object(CakeRequest), Object(CakeResponse))
#3 {main}
2017-11-16 11:21:13 Error: [MissingControllerException] Controller class ViewController could not be found.
Exception Attributes: array (
  'class' => 'ViewController',
  'plugin' => NULL,
)
Request URL: /eventos/view/?c=accesorios
Stack Trace:
#0 C:\wamp64\www\eventos\webroot\index.php(86): Dispatcher->dispatch(Object(CakeRequest), Object(CakeResponse))
#1 {main}
2017-11-16 11:22:18 Error: [MissingControllerException] Controller class ViewController could not be found.
Exception Attributes: array (
  'class' => 'ViewController',
  'plugin' => NULL,
)
Request URL: /eventos/view/?c=accesorios
Stack Trace:
#0 C:\wamp64\www\eventos\webroot\index.php(86): Dispatcher->dispatch(Object(CakeRequest), Object(CakeResponse))
#1 {main}
2017-11-16 11:29:59 Error: [MissingViewException] View file "Eventos\cybermonday\pagina.ctp" is missing.
Exception Attributes: array (
  'file' => 'Eventos\\cybermonday\\pagina.ctp',
)
Request URL: /eventos/page-terminos-y-condiciones
Stack Trace:
#0 C:\wamp64\www\eventos\Cake\2.7.7\lib\Cake\View\View.php(470): View->_getViewFileName('cybermonday/pag...')
#1 C:\wamp64\www\eventos\Cake\2.7.7\lib\Cake\Controller\Controller.php(960): View->render('cybermonday/pag...', NULL)
#2 C:\wamp64\www\eventos\Controller\EventosController.php(1202): Controller->render('cybermonday/pag...')
#3 [internal function]: EventosController->pagina('terminos-y-cond...')
#4 C:\wamp64\www\eventos\Cake\2.7.7\lib\Cake\Controller\Controller.php(490): ReflectionMethod->invokeArgs(Object(EventosController), Array)
#5 C:\wamp64\www\eventos\Cake\2.7.7\lib\Cake\Routing\Dispatcher.php(193): Controller->invokeAction(Object(CakeRequest))
#6 C:\wamp64\www\eventos\Cake\2.7.7\lib\Cake\Routing\Dispatcher.php(167): Dispatcher->_invoke(Object(EventosController), Object(CakeRequest))
#7 C:\wamp64\www\eventos\webroot\index.php(86): Dispatcher->dispatch(Object(CakeRequest), Object(CakeResponse))
#8 {main}
2017-11-16 11:34:47 Error: [MissingHelperException] Helper class FromHelper could not be found.
Exception Attributes: array (
  'class' => 'FromHelper',
  'plugin' => false,
)
Request URL: /eventos/admin/paginas/edit/1
Stack Trace:
#0 C:\wamp64\www\eventos\Cake\2.7.7\lib\Cake\View\HelperCollection.php(63): HelperCollection->load('From')
#1 C:\wamp64\www\eventos\Cake\2.7.7\lib\Cake\View\View.php(858): HelperCollection->__isset('From')
#2 C:\wamp64\www\eventos\View\Paginas\admin_edit.ctp(2): View->__get('From')
#3 C:\wamp64\www\eventos\Cake\2.7.7\lib\Cake\View\View.php(971): include('C:\\wamp64\\www\\e...')
#4 C:\wamp64\www\eventos\Cake\2.7.7\lib\Cake\View\View.php(933): View->_evaluate('C:\\wamp64\\www\\e...', Array)
#5 C:\wamp64\www\eventos\Cake\2.7.7\lib\Cake\View\View.php(473): View->_render('C:\\wamp64\\www\\e...')
#6 C:\wamp64\www\eventos\Cake\2.7.7\lib\Cake\Controller\Controller.php(960): View->render(NULL, NULL)
#7 C:\wamp64\www\eventos\Cake\2.7.7\lib\Cake\Routing\Dispatcher.php(200): Controller->render()
#8 C:\wamp64\www\eventos\Cake\2.7.7\lib\Cake\Routing\Dispatcher.php(167): Dispatcher->_invoke(Object(PaginasController), Object(CakeRequest))
#9 C:\wamp64\www\eventos\webroot\index.php(86): Dispatcher->dispatch(Object(CakeRequest), Object(CakeResponse))
#10 {main}
2017-11-16 13:19:28 Error: [MissingControllerException] Controller class ImgController could not be found.
Exception Attributes: array (
  'class' => 'ImgController',
  'plugin' => NULL,
)
Request URL: /eventos/img/Banner/1/slider_sliders_del_home_del_landing_cyberday.png
Stack Trace:
#0 C:\wamp64\www\eventos\webroot\index.php(86): Dispatcher->dispatch(Object(CakeRequest), Object(CakeResponse))
#1 {main}
2017-11-16 15:52:38 Error: Fatal Error (64): Default value for parameters with a class type hint can only be NULL in [C:\wamp64\www\eventos\Model\Evento.php, line 307]
2017-11-16 15:52:38 Error: [FatalErrorException] Default value for parameters with a class type hint can only be NULL
Request URL: /eventos/
Stack Trace:
#0 C:\wamp64\www\eventos\Cake\2.7.7\lib\Cake\Error\ErrorHandler.php(213): ErrorHandler::handleFatalError(64, 'Default value f...', 'C:\\wamp64\\www\\e...', 307)
#1 [internal function]: ErrorHandler::handleError(64, 'Default value f...', 'C:\\wamp64\\www\\e...', 307, Array)
#2 C:\wamp64\www\eventos\Cake\2.7.7\lib\Cake\Core\App.php(933): call_user_func('ErrorHandler::h...', 64, 'Default value f...', 'C:\\wamp64\\www\\e...', 307, Array)
#3 C:\wamp64\www\eventos\Cake\2.7.7\lib\Cake\Core\App.php(906): App::_checkFatalError()
#4 [internal function]: App::shutdown()
#5 {main}
2017-11-16 15:52:40 Error: [MissingControllerException] Controller class CssController could not be found.
Exception Attributes: array (
  'class' => 'CssController',
  'plugin' => NULL,
)
Request URL: /eventos/css/cake.generic.css
Stack Trace:
#0 C:\wamp64\www\eventos\webroot\index.php(86): Dispatcher->dispatch(Object(CakeRequest), Object(CakeResponse))
#1 {main}
2017-11-16 15:52:40 Error: Fatal Error (64): Default value for parameters with a class type hint can only be NULL in [C:\wamp64\www\eventos\Model\Evento.php, line 307]
2017-11-16 15:52:40 Error: [FatalErrorException] Default value for parameters with a class type hint can only be NULL
Request URL: /eventos/css/cake.generic.css
Stack Trace:
#0 C:\wamp64\www\eventos\Cake\2.7.7\lib\Cake\Error\ErrorHandler.php(213): ErrorHandler::handleFatalError(64, 'Default value f...', 'C:\\wamp64\\www\\e...', 307)
#1 [internal function]: ErrorHandler::handleError(64, 'Default value f...', 'C:\\wamp64\\www\\e...', 307, Array)
#2 C:\wamp64\www\eventos\Cake\2.7.7\lib\Cake\Core\App.php(933): call_user_func('ErrorHandler::h...', 64, 'Default value f...', 'C:\\wamp64\\www\\e...', 307, Array)
#3 C:\wamp64\www\eventos\Cake\2.7.7\lib\Cake\Core\App.php(906): App::_checkFatalError()
#4 [internal function]: App::shutdown()
#5 {main}
2017-11-16 15:52:40 Error: [MissingControllerException] Controller class Favicon.icoController could not be found.
Exception Attributes: array (
  'class' => 'Favicon.icoController',
  'plugin' => NULL,
)
Request URL: /eventos/favicon.ico
Stack Trace:
#0 C:\wamp64\www\eventos\webroot\index.php(86): Dispatcher->dispatch(Object(CakeRequest), Object(CakeResponse))
#1 {main}
2017-11-16 15:52:40 Error: Fatal Error (64): Default value for parameters with a class type hint can only be NULL in [C:\wamp64\www\eventos\Model\Evento.php, line 307]
2017-11-16 15:52:40 Error: [FatalErrorException] Default value for parameters with a class type hint can only be NULL
Request URL: /eventos/favicon.ico
Stack Trace:
#0 C:\wamp64\www\eventos\Cake\2.7.7\lib\Cake\Error\ErrorHandler.php(213): ErrorHandler::handleFatalError(64, 'Default value f...', 'C:\\wamp64\\www\\e...', 307)
#1 [internal function]: ErrorHandler::handleError(64, 'Default value f...', 'C:\\wamp64\\www\\e...', 307, Array)
#2 C:\wamp64\www\eventos\Cake\2.7.7\lib\Cake\Core\App.php(933): call_user_func('ErrorHandler::h...', 64, 'Default value f...', 'C:\\wamp64\\www\\e...', 307, Array)
#3 C:\wamp64\www\eventos\Cake\2.7.7\lib\Cake\Core\App.php(906): App::_checkFatalError()
#4 [internal function]: App::shutdown()
#5 {main}
2017-11-16 15:52:41 Error: [MissingControllerException] Controller class ImgController could not be found.
Exception Attributes: array (
  'class' => 'ImgController',
  'plugin' => NULL,
)
Request URL: /eventos/img/cake.power.gif
Stack Trace:
#0 C:\wamp64\www\eventos\webroot\index.php(86): Dispatcher->dispatch(Object(CakeRequest), Object(CakeResponse))
#1 {main}
2017-11-16 15:52:41 Error: Fatal Error (64): Default value for parameters with a class type hint can only be NULL in [C:\wamp64\www\eventos\Model\Evento.php, line 307]
2017-11-16 15:52:41 Error: [FatalErrorException] Default value for parameters with a class type hint can only be NULL
Request URL: /eventos/img/cake.power.gif
Stack Trace:
#0 C:\wamp64\www\eventos\Cake\2.7.7\lib\Cake\Error\ErrorHandler.php(213): ErrorHandler::handleFatalError(64, 'Default value f...', 'C:\\wamp64\\www\\e...', 307)
#1 [internal function]: ErrorHandler::handleError(64, 'Default value f...', 'C:\\wamp64\\www\\e...', 307, Array)
#2 C:\wamp64\www\eventos\Cake\2.7.7\lib\Cake\Core\App.php(933): call_user_func('ErrorHandler::h...', 64, 'Default value f...', 'C:\\wamp64\\www\\e...', 307, Array)
#3 C:\wamp64\www\eventos\Cake\2.7.7\lib\Cake\Core\App.php(906): App::_checkFatalError()
#4 [internal function]: App::shutdown()
#5 {main}
